2018-06-01 10:44:06.819 [main] INFO  o.eclipse.jetty.server.handler.ContextHandler.ROOT - Set web app root system property: 'webapp.root' = [C:\Users\Administrator\Desktop\常用\mine\FreeMaker\src\main\webapp]
2018-06-01 10:44:07.033 [main] INFO  o.eclipse.jetty.server.handler.ContextHandler.ROOT - Initializing Spring FrameworkServlet 'controller'
2018-06-01 10:44:09.606 [main] WARN  o.eclipse.jetty.server.handler.ContextHandler.ROOT - unavailable
org.springframework.beans.factory.BeanCreationException: Error creating bean with name 'tokenDAOImpl': Injection of resource dependencies failed; nested exception is org.springframework.beans.factory.BeanCreationException: Error creating bean with name 'tokenMapper' defined in file [C:\Users\Administrator\Desktop\常用\mine\FreeMaker\target\classes\com\java1234\dal\mapper\main\sys\token\TokenMapper.class]: Invocation of init method failed; nested exception is java.lang.IllegalArgumentException: org.apache.ibatis.builder.BuilderException: Error parsing Mapper XML. Cause: org.apache.ibatis.builder.BuilderException: Error resolving class. Cause: org.apache.ibatis.type.TypeException: Could not resolve type alias 'DeviceTypeEnumHandler'.  Cause: java.lang.ClassNotFoundException: Cannot find class: DeviceTypeEnumHandler
	at org.springframework.context.annotation.CommonAnnotationBeanPostProcessor.postProcessPropertyValues(CommonAnnotationBeanPostProcessor.java:308) ~[spring-context-4.1.3.RELEASE.jar:4.1.3.RELEASE]
	at org.springframework.beans.factory.support.AbstractAutowireCapableBeanFactory.populateBean(AbstractAutowireCapableBeanFactory.java:1202) ~[spring-beans-4.1.3.RELEASE.jar:4.1.3.RELEASE]
	at org.springframework.beans.factory.support.AbstractAutowireCapableBeanFactory.doCreateBean(AbstractAutowireCapableBeanFactory.java:537) ~[spring-beans-4.1.3.RELEASE.jar:4.1.3.RELEASE]
	at org.springframework.beans.factory.support.AbstractAutowireCapableBeanFactory.createBean(AbstractAutowireCapableBeanFactory.java:476) ~[spring-beans-4.1.3.RELEASE.jar:4.1.3.RELEASE]
	at org.springframework.beans.factory.support.AbstractBeanFactory$1.getObject(AbstractBeanFactory.java:302) ~[spring-beans-4.1.3.RELEASE.jar:4.1.3.RELEASE]
	at org.springframework.beans.factory.support.DefaultSingletonBeanRegistry.getSingleton(DefaultSingletonBeanRegistry.java:230) ~[spring-beans-4.1.3.RELEASE.jar:4.1.3.RELEASE]
	at org.springframework.beans.factory.support.AbstractBeanFactory.doGetBean(AbstractBeanFactory.java:298) ~[spring-beans-4.1.3.RELEASE.jar:4.1.3.RELEASE]
	at org.springframework.beans.factory.support.AbstractBeanFactory.getBean(AbstractBeanFactory.java:193) ~[spring-beans-4.1.3.RELEASE.jar:4.1.3.RELEASE]
	at org.springframework.beans.factory.support.DefaultListableBeanFactory.preInstantiateSingletons(DefaultListableBeanFactory.java:762) ~[spring-beans-4.1.3.RELEASE.jar:4.1.3.RELEASE]
	at org.springframework.context.support.AbstractApplicationContext.finishBeanFactoryInitialization(AbstractApplicationContext.java:757) ~[spring-context-4.1.3.RELEASE.jar:4.1.3.RELEASE]
	at org.springframework.context.support.AbstractApplicationContext.refresh(AbstractApplicationContext.java:480) ~[spring-context-4.1.3.RELEASE.jar:4.1.3.RELEASE]
	at org.springframework.web.servlet.FrameworkServlet.configureAndRefreshWebApplicationContext(FrameworkServlet.java:663) ~[spring-webmvc-4.1.3.RELEASE.jar:4.1.3.RELEASE]
	at org.springframework.web.servlet.FrameworkServlet.createWebApplicationContext(FrameworkServlet.java:629) ~[spring-webmvc-4.1.3.RELEASE.jar:4.1.3.RELEASE]
	at org.springframework.web.servlet.FrameworkServlet.createWebApplicationContext(FrameworkServlet.java:677) ~[spring-webmvc-4.1.3.RELEASE.jar:4.1.3.RELEASE]
	at org.springframework.web.servlet.FrameworkServlet.initWebApplicationContext(FrameworkServlet.java:548) ~[spring-webmvc-4.1.3.RELEASE.jar:4.1.3.RELEASE]
	at org.springframework.web.servlet.FrameworkServlet.initServletBean(FrameworkServlet.java:489) ~[spring-webmvc-4.1.3.RELEASE.jar:4.1.3.RELEASE]
	at org.springframework.web.servlet.HttpServletBean.init(HttpServletBean.java:136) ~[spring-webmvc-4.1.3.RELEASE.jar:4.1.3.RELEASE]
	at javax.servlet.GenericServlet.init(GenericServlet.java:244) ~[jetty-runner-9.4.6.v20170531.jar:9.4.6.v20170531]
	at org.eclipse.jetty.servlet.ServletHolder.initServlet(ServletHolder.java:637) [jetty-runner-9.4.6.v20170531.jar:9.4.6.v20170531]
	at org.eclipse.jetty.servlet.ServletHolder.initialize(ServletHolder.java:421) [jetty-runner-9.4.6.v20170531.jar:9.4.6.v20170531]
	at org.eclipse.jetty.servlet.ServletHandler.initialize(ServletHandler.java:760) [jetty-runner-9.4.6.v20170531.jar:9.4.6.v20170531]
	at org.eclipse.jetty.servlet.ServletContextHandler.startContext(ServletContextHandler.java:348) [jetty-runner-9.4.6.v20170531.jar:9.4.6.v20170531]
	at org.eclipse.jetty.webapp.WebAppContext.startWebapp(WebAppContext.java:1501) [jetty-runner-9.4.6.v20170531.jar:9.4.6.v20170531]
	at org.eclipse.jetty.webapp.WebAppContext.startContext(WebAppContext.java:1463) [jetty-runner-9.4.6.v20170531.jar:9.4.6.v20170531]
	at org.eclipse.jetty.server.handler.ContextHandler.doStart(ContextHandler.java:785) [jetty-runner-9.4.6.v20170531.jar:9.4.6.v20170531]
	at org.eclipse.jetty.servlet.ServletContextHandler.doStart(ServletContextHandler.java:261) [jetty-runner-9.4.6.v20170531.jar:9.4.6.v20170531]
	at org.eclipse.jetty.webapp.WebAppContext.doStart(WebAppContext.java:545) [jetty-runner-9.4.6.v20170531.jar:9.4.6.v20170531]
	at org.eclipse.jetty.util.component.AbstractLifeCycle.start(AbstractLifeCycle.java:68) [jetty-runner-9.4.6.v20170531.jar:9.4.6.v20170531]
	at org.eclipse.jetty.util.component.ContainerLifeCycle.start(ContainerLifeCycle.java:131) [jetty-runner-9.4.6.v20170531.jar:9.4.6.v20170531]
	at org.eclipse.jetty.util.component.ContainerLifeCycle.doStart(ContainerLifeCycle.java:113) [jetty-runner-9.4.6.v20170531.jar:9.4.6.v20170531]
	at org.eclipse.jetty.server.handler.AbstractHandler.doStart(AbstractHandler.java:113) [jetty-runner-9.4.6.v20170531.jar:9.4.6.v20170531]
	at org.eclipse.jetty.server.handler.ContextHandlerCollection.doStart(ContextHandlerCollection.java:167) [jetty-runner-9.4.6.v20170531.jar:9.4.6.v20170531]
	at org.eclipse.jetty.util.component.AbstractLifeCycle.start(AbstractLifeCycle.java:68) [jetty-runner-9.4.6.v20170531.jar:9.4.6.v20170531]
	at org.eclipse.jetty.util.component.ContainerLifeCycle.start(ContainerLifeCycle.java:131) [jetty-runner-9.4.6.v20170531.jar:9.4.6.v20170531]
	at org.eclipse.jetty.util.component.ContainerLifeCycle.doStart(ContainerLifeCycle.java:113) [jetty-runner-9.4.6.v20170531.jar:9.4.6.v20170531]
	at org.eclipse.jetty.server.handler.AbstractHandler.doStart(AbstractHandler.java:113) [jetty-runner-9.4.6.v20170531.jar:9.4.6.v20170531]
	at org.eclipse.jetty.util.component.AbstractLifeCycle.start(AbstractLifeCycle.java:68) [jetty-runner-9.4.6.v20170531.jar:9.4.6.v20170531]
	at org.eclipse.jetty.util.component.ContainerLifeCycle.start(ContainerLifeCycle.java:131) [jetty-runner-9.4.6.v20170531.jar:9.4.6.v20170531]
	at org.eclipse.jetty.server.Server.start(Server.java:452) [jetty-runner-9.4.6.v20170531.jar:9.4.6.v20170531]
	at org.eclipse.jetty.util.component.ContainerLifeCycle.doStart(ContainerLifeCycle.java:105) [jetty-runner-9.4.6.v20170531.jar:9.4.6.v20170531]
	at org.eclipse.jetty.server.handler.AbstractHandler.doStart(AbstractHandler.java:113) [jetty-runner-9.4.6.v20170531.jar:9.4.6.v20170531]
	at org.eclipse.jetty.server.Server.doStart(Server.java:419) [jetty-runner-9.4.6.v20170531.jar:9.4.6.v20170531]
	at org.eclipse.jetty.util.component.AbstractLifeCycle.start(AbstractLifeCycle.java:68) [jetty-runner-9.4.6.v20170531.jar:9.4.6.v20170531]
	at org.eclipse.jetty.runner.Runner.run(Runner.java:518) [jetty-runner-9.4.6.v20170531.jar:9.4.6.v20170531]
	at org.eclipse.jetty.runner.Runner.main(Runner.java:559) [jetty-runner-9.4.6.v20170531.jar:9.4.6.v20170531]
Caused by: org.springframework.beans.factory.BeanCreationException: Error creating bean with name 'tokenMapper' defined in file [C:\Users\Administrator\Desktop\常用\mine\FreeMaker\target\classes\com\java1234\dal\mapper\main\sys\token\TokenMapper.class]: Invocation of init method failed; nested exception is java.lang.IllegalArgumentException: org.apache.ibatis.builder.BuilderException: Error parsing Mapper XML. Cause: org.apache.ibatis.builder.BuilderException: Error resolving class. Cause: org.apache.ibatis.type.TypeException: Could not resolve type alias 'DeviceTypeEnumHandler'.  Cause: java.lang.ClassNotFoundException: Cannot find class: DeviceTypeEnumHandler
	at org.springframework.beans.factory.support.AbstractAutowireCapableBeanFactory.initializeBean(AbstractAutowireCapableBeanFactory.java:1566) ~[spring-beans-4.1.3.RELEASE.jar:4.1.3.RELEASE]
	at org.springframework.beans.factory.support.AbstractAutowireCapableBeanFactory.doCreateBean(AbstractAutowireCapableBeanFactory.java:539) ~[spring-beans-4.1.3.RELEASE.jar:4.1.3.RELEASE]
	at org.springframework.beans.factory.support.AbstractAutowireCapableBeanFactory.createBean(AbstractAutowireCapableBeanFactory.java:476) ~[spring-beans-4.1.3.RELEASE.jar:4.1.3.RELEASE]
	at org.springframework.beans.factory.support.AbstractBeanFactory$1.getObject(AbstractBeanFactory.java:302) ~[spring-beans-4.1.3.RELEASE.jar:4.1.3.RELEASE]
	at org.springframework.beans.factory.support.DefaultSingletonBeanRegistry.getSingleton(DefaultSingletonBeanRegistry.java:230) ~[spring-beans-4.1.3.RELEASE.jar:4.1.3.RELEASE]
	at org.springframework.beans.factory.support.AbstractBeanFactory.doGetBean(AbstractBeanFactory.java:298) ~[spring-beans-4.1.3.RELEASE.jar:4.1.3.RELEASE]
	at org.springframework.beans.factory.support.AbstractBeanFactory.getBean(AbstractBeanFactory.java:198) ~[spring-beans-4.1.3.RELEASE.jar:4.1.3.RELEASE]
	at org.springframework.context.annotation.CommonAnnotationBeanPostProcessor.autowireResource(CommonAnnotationBeanPostProcessor.java:458) ~[spring-context-4.1.3.RELEASE.jar:4.1.3.RELEASE]
	at org.springframework.context.annotation.CommonAnnotationBeanPostProcessor.getResource(CommonAnnotationBeanPostProcessor.java:432) ~[spring-context-4.1.3.RELEASE.jar:4.1.3.RELEASE]
	at org.springframework.context.annotation.CommonAnnotationBeanPostProcessor$ResourceElement.getResourceToInject(CommonAnnotationBeanPostProcessor.java:556) ~[spring-context-4.1.3.RELEASE.jar:4.1.3.RELEASE]
	at org.springframework.beans.factory.annotation.InjectionMetadata$InjectedElement.inject(InjectionMetadata.java:155) ~[spring-beans-4.1.3.RELEASE.jar:4.1.3.RELEASE]
	at org.springframework.beans.factory.annotation.InjectionMetadata.inject(InjectionMetadata.java:87) ~[spring-beans-4.1.3.RELEASE.jar:4.1.3.RELEASE]
	at org.springframework.context.annotation.CommonAnnotationBeanPostProcessor.postProcessPropertyValues(CommonAnnotationBeanPostProcessor.java:305) ~[spring-context-4.1.3.RELEASE.jar:4.1.3.RELEASE]
	... 44 common frames omitted
Caused by: java.lang.IllegalArgumentException: org.apache.ibatis.builder.BuilderException: Error parsing Mapper XML. Cause: org.apache.ibatis.builder.BuilderException: Error resolving class. Cause: org.apache.ibatis.type.TypeException: Could not resolve type alias 'DeviceTypeEnumHandler'.  Cause: java.lang.ClassNotFoundException: Cannot find class: DeviceTypeEnumHandler
	at org.mybatis.spring.mapper.MapperFactoryBean.checkDaoConfig(MapperFactoryBean.java:100) ~[mybatis-spring-1.2.2.jar:1.2.2]
	at tk.mybatis.spring.mapper.MapperFactoryBean.checkDaoConfig(MapperFactoryBean.java:51) ~[mapper-3.3.7.jar:na]
	at org.springframework.dao.support.DaoSupport.afterPropertiesSet(DaoSupport.java:44) ~[spring-tx-4.1.3.RELEASE.jar:4.1.3.RELEASE]
	at org.springframework.beans.factory.support.AbstractAutowireCapableBeanFactory.invokeInitMethods(AbstractAutowireCapableBeanFactory.java:1625) ~[spring-beans-4.1.3.RELEASE.jar:4.1.3.RELEASE]
	at org.springframework.beans.factory.support.AbstractAutowireCapableBeanFactory.initializeBean(AbstractAutowireCapableBeanFactory.java:1562) ~[spring-beans-4.1.3.RELEASE.jar:4.1.3.RELEASE]
	... 56 common frames omitted
Caused by: org.apache.ibatis.builder.BuilderException: Error parsing Mapper XML. Cause: org.apache.ibatis.builder.BuilderException: Error resolving class. Cause: org.apache.ibatis.type.TypeException: Could not resolve type alias 'DeviceTypeEnumHandler'.  Cause: java.lang.ClassNotFoundException: Cannot find class: DeviceTypeEnumHandler
	at org.apache.ibatis.builder.xml.XMLMapperBuilder.configurationElement(XMLMapperBuilder.java:120) ~[mybatis-3.2.8.jar:3.2.8]
	at org.apache.ibatis.builder.xml.XMLMapperBuilder.parse(XMLMapperBuilder.java:92) ~[mybatis-3.2.8.jar:3.2.8]
	at org.apache.ibatis.builder.annotation.MapperAnnotationBuilder.loadXmlResource(MapperAnnotationBuilder.java:166) ~[mybatis-3.2.8.jar:3.2.8]
	at org.apache.ibatis.builder.annotation.MapperAnnotationBuilder.parse(MapperAnnotationBuilder.java:118) ~[mybatis-3.2.8.jar:3.2.8]
	at org.apache.ibatis.binding.MapperRegistry.addMapper(MapperRegistry.java:71) ~[mybatis-3.2.8.jar:3.2.8]
	at org.apache.ibatis.session.Configuration.addMapper(Configuration.java:651) ~[mybatis-3.2.8.jar:3.2.8]
	at org.mybatis.spring.mapper.MapperFactoryBean.checkDaoConfig(MapperFactoryBean.java:97) ~[mybatis-spring-1.2.2.jar:1.2.2]
	... 60 common frames omitted
Caused by: org.apache.ibatis.builder.BuilderException: Error resolving class. Cause: org.apache.ibatis.type.TypeException: Could not resolve type alias 'DeviceTypeEnumHandler'.  Cause: java.lang.ClassNotFoundException: Cannot find class: DeviceTypeEnumHandler
	at org.apache.ibatis.builder.BaseBuilder.resolveClass(BaseBuilder.java:103) ~[mybatis-3.2.8.jar:3.2.8]
	at org.apache.ibatis.builder.xml.XMLMapperBuilder.buildResultMappingFromContext(XMLMapperBuilder.java:373) ~[mybatis-3.2.8.jar:3.2.8]
	at org.apache.ibatis.builder.xml.XMLMapperBuilder.resultMapElement(XMLMapperBuilder.java:279) ~[mybatis-3.2.8.jar:3.2.8]
	at org.apache.ibatis.builder.xml.XMLMapperBuilder.resultMapElement(XMLMapperBuilder.java:251) ~[mybatis-3.2.8.jar:3.2.8]
	at org.apache.ibatis.builder.xml.XMLMapperBuilder.resultMapElements(XMLMapperBuilder.java:243) ~[mybatis-3.2.8.jar:3.2.8]
	at org.apache.ibatis.builder.xml.XMLMapperBuilder.configurationElement(XMLMapperBuilder.java:116) ~[mybatis-3.2.8.jar:3.2.8]
	... 66 common frames omitted
Caused by: org.apache.ibatis.type.TypeException: Could not resolve type alias 'DeviceTypeEnumHandler'.  Cause: java.lang.ClassNotFoundException: Cannot find class: DeviceTypeEnumHandler
	at org.apache.ibatis.type.TypeAliasRegistry.resolveAlias(TypeAliasRegistry.java:117) ~[mybatis-3.2.8.jar:3.2.8]
	at org.apache.ibatis.builder.BaseBuilder.resolveAlias(BaseBuilder.java:130) ~[mybatis-3.2.8.jar:3.2.8]
	at org.apache.ibatis.builder.BaseBuilder.resolveClass(BaseBuilder.java:101) ~[mybatis-3.2.8.jar:3.2.8]
	... 71 common frames omitted
Caused by: java.lang.ClassNotFoundException: Cannot find class: DeviceTypeEnumHandler
	at org.apache.ibatis.io.ClassLoaderWrapper.classForName(ClassLoaderWrapper.java:190) ~[mybatis-3.2.8.jar:3.2.8]
	at org.apache.ibatis.io.ClassLoaderWrapper.classForName(ClassLoaderWrapper.java:89) ~[mybatis-3.2.8.jar:3.2.8]
	at org.apache.ibatis.io.Resources.classForName(Resources.java:256) ~[mybatis-3.2.8.jar:3.2.8]
	at org.apache.ibatis.type.TypeAliasRegistry.resolveAlias(TypeAliasRegistry.java:113) ~[mybatis-3.2.8.jar:3.2.8]
	... 73 common frames omitted
2018-06-01 10:44:09.616 [main] WARN  org.eclipse.jetty.webapp.WebAppContext - Failed startup of context o.e.j.w.WebAppContext@2f112965{/,file:///C:/Users/Administrator/Desktop/%E5%B8%B8%E7%94%A8/mine/FreeMaker/src/main/webapp/,UNAVAILABLE}{file:///C:/Users/Administrator/Desktop/%E5%B8%B8%E7%94%A8/mine/FreeMaker/src/main/webapp/}
javax.servlet.ServletException: controller@25fe639c==org.springframework.web.servlet.DispatcherServlet,jsp=null,order=1,inst=false
	at org.eclipse.jetty.servlet.ServletHolder.initServlet(ServletHolder.java:658) ~[jetty-runner-9.4.6.v20170531.jar:9.4.6.v20170531]
	at org.eclipse.jetty.servlet.ServletHolder.initialize(ServletHolder.java:421) ~[jetty-runner-9.4.6.v20170531.jar:9.4.6.v20170531]
	at org.eclipse.jetty.servlet.ServletHandler.initialize(ServletHandler.java:760) ~[jetty-runner-9.4.6.v20170531.jar:9.4.6.v20170531]
	at org.eclipse.jetty.servlet.ServletContextHandler.startContext(ServletContextHandler.java:348) ~[jetty-runner-9.4.6.v20170531.jar:9.4.6.v20170531]
	at org.eclipse.jetty.webapp.WebAppContext.startWebapp(WebAppContext.java:1501) ~[jetty-runner-9.4.6.v20170531.jar:9.4.6.v20170531]
	at org.eclipse.jetty.webapp.WebAppContext.startContext(WebAppContext.java:1463) ~[jetty-runner-9.4.6.v20170531.jar:9.4.6.v20170531]
	at org.eclipse.jetty.server.handler.ContextHandler.doStart(ContextHandler.java:785) ~[jetty-runner-9.4.6.v20170531.jar:9.4.6.v20170531]
	at org.eclipse.jetty.servlet.ServletContextHandler.doStart(ServletContextHandler.java:261) ~[jetty-runner-9.4.6.v20170531.jar:9.4.6.v20170531]
	at org.eclipse.jetty.webapp.WebAppContext.doStart(WebAppContext.java:545) ~[jetty-runner-9.4.6.v20170531.jar:9.4.6.v20170531]
	at org.eclipse.jetty.util.component.AbstractLifeCycle.start(AbstractLifeCycle.java:68) [jetty-runner-9.4.6.v20170531.jar:9.4.6.v20170531]
	at org.eclipse.jetty.util.component.ContainerLifeCycle.start(ContainerLifeCycle.java:131) [jetty-runner-9.4.6.v20170531.jar:9.4.6.v20170531]
	at org.eclipse.jetty.util.component.ContainerLifeCycle.doStart(ContainerLifeCycle.java:113) [jetty-runner-9.4.6.v20170531.jar:9.4.6.v20170531]
	at org.eclipse.jetty.server.handler.AbstractHandler.doStart(AbstractHandler.java:113) [jetty-runner-9.4.6.v20170531.jar:9.4.6.v20170531]
	at org.eclipse.jetty.server.handler.ContextHandlerCollection.doStart(ContextHandlerCollection.java:167) [jetty-runner-9.4.6.v20170531.jar:9.4.6.v20170531]
	at org.eclipse.jetty.util.component.AbstractLifeCycle.start(AbstractLifeCycle.java:68) [jetty-runner-9.4.6.v20170531.jar:9.4.6.v20170531]
	at org.eclipse.jetty.util.component.ContainerLifeCycle.start(ContainerLifeCycle.java:131) [jetty-runner-9.4.6.v20170531.jar:9.4.6.v20170531]
	at org.eclipse.jetty.util.component.ContainerLifeCycle.doStart(ContainerLifeCycle.java:113) [jetty-runner-9.4.6.v20170531.jar:9.4.6.v20170531]
	at org.eclipse.jetty.server.handler.AbstractHandler.doStart(AbstractHandler.java:113) [jetty-runner-9.4.6.v20170531.jar:9.4.6.v20170531]
	at org.eclipse.jetty.util.component.AbstractLifeCycle.start(AbstractLifeCycle.java:68) [jetty-runner-9.4.6.v20170531.jar:9.4.6.v20170531]
	at org.eclipse.jetty.util.component.ContainerLifeCycle.start(ContainerLifeCycle.java:131) [jetty-runner-9.4.6.v20170531.jar:9.4.6.v20170531]
	at org.eclipse.jetty.server.Server.start(Server.java:452) [jetty-runner-9.4.6.v20170531.jar:9.4.6.v20170531]
	at org.eclipse.jetty.util.component.ContainerLifeCycle.doStart(ContainerLifeCycle.java:105) [jetty-runner-9.4.6.v20170531.jar:9.4.6.v20170531]
	at org.eclipse.jetty.server.handler.AbstractHandler.doStart(AbstractHandler.java:113) [jetty-runner-9.4.6.v20170531.jar:9.4.6.v20170531]
	at org.eclipse.jetty.server.Server.doStart(Server.java:419) [jetty-runner-9.4.6.v20170531.jar:9.4.6.v20170531]
	at org.eclipse.jetty.util.component.AbstractLifeCycle.start(AbstractLifeCycle.java:68) [jetty-runner-9.4.6.v20170531.jar:9.4.6.v20170531]
	at org.eclipse.jetty.runner.Runner.run(Runner.java:518) [jetty-runner-9.4.6.v20170531.jar:9.4.6.v20170531]
	at org.eclipse.jetty.runner.Runner.main(Runner.java:559) [jetty-runner-9.4.6.v20170531.jar:9.4.6.v20170531]
Caused by: org.springframework.beans.factory.BeanCreationException: Error creating bean with name 'tokenDAOImpl': Injection of resource dependencies failed; nested exception is org.springframework.beans.factory.BeanCreationException: Error creating bean with name 'tokenMapper' defined in file [C:\Users\Administrator\Desktop\常用\mine\FreeMaker\target\classes\com\java1234\dal\mapper\main\sys\token\TokenMapper.class]: Invocation of init method failed; nested exception is java.lang.IllegalArgumentException: org.apache.ibatis.builder.BuilderException: Error parsing Mapper XML. Cause: org.apache.ibatis.builder.BuilderException: Error resolving class. Cause: org.apache.ibatis.type.TypeException: Could not resolve type alias 'DeviceTypeEnumHandler'.  Cause: java.lang.ClassNotFoundException: Cannot find class: DeviceTypeEnumHandler
	at org.springframework.context.annotation.CommonAnnotationBeanPostProcessor.postProcessPropertyValues(CommonAnnotationBeanPostProcessor.java:308) ~[spring-context-4.1.3.RELEASE.jar:4.1.3.RELEASE]
	at org.springframework.beans.factory.support.AbstractAutowireCapableBeanFactory.populateBean(AbstractAutowireCapableBeanFactory.java:1202) ~[spring-beans-4.1.3.RELEASE.jar:4.1.3.RELEASE]
	at org.springframework.beans.factory.support.AbstractAutowireCapableBeanFactory.doCreateBean(AbstractAutowireCapableBeanFactory.java:537) ~[spring-beans-4.1.3.RELEASE.jar:4.1.3.RELEASE]
	at org.springframework.beans.factory.support.AbstractAutowireCapableBeanFactory.createBean(AbstractAutowireCapableBeanFactory.java:476) ~[spring-beans-4.1.3.RELEASE.jar:4.1.3.RELEASE]
	at org.springframework.beans.factory.support.AbstractBeanFactory$1.getObject(AbstractBeanFactory.java:302) ~[spring-beans-4.1.3.RELEASE.jar:4.1.3.RELEASE]
	at org.springframework.beans.factory.support.DefaultSingletonBeanRegistry.getSingleton(DefaultSingletonBeanRegistry.java:230) ~[spring-beans-4.1.3.RELEASE.jar:4.1.3.RELEASE]
	at org.springframework.beans.factory.support.AbstractBeanFactory.doGetBean(AbstractBeanFactory.java:298) ~[spring-beans-4.1.3.RELEASE.jar:4.1.3.RELEASE]
	at org.springframework.beans.factory.support.AbstractBeanFactory.getBean(AbstractBeanFactory.java:193) ~[spring-beans-4.1.3.RELEASE.jar:4.1.3.RELEASE]
	at org.springframework.beans.factory.support.DefaultListableBeanFactory.preInstantiateSingletons(DefaultListableBeanFactory.java:762) ~[spring-beans-4.1.3.RELEASE.jar:4.1.3.RELEASE]
	at org.springframework.context.support.AbstractApplicationContext.finishBeanFactoryInitialization(AbstractApplicationContext.java:757) ~[spring-context-4.1.3.RELEASE.jar:4.1.3.RELEASE]
	at org.springframework.context.support.AbstractApplicationContext.refresh(AbstractApplicationContext.java:480) ~[spring-context-4.1.3.RELEASE.jar:4.1.3.RELEASE]
	at org.springframework.web.servlet.FrameworkServlet.configureAndRefreshWebApplicationContext(FrameworkServlet.java:663) ~[spring-webmvc-4.1.3.RELEASE.jar:4.1.3.RELEASE]
	at org.springframework.web.servlet.FrameworkServlet.createWebApplicationContext(FrameworkServlet.java:629) ~[spring-webmvc-4.1.3.RELEASE.jar:4.1.3.RELEASE]
	at org.springframework.web.servlet.FrameworkServlet.createWebApplicationContext(FrameworkServlet.java:677) ~[spring-webmvc-4.1.3.RELEASE.jar:4.1.3.RELEASE]
	at org.springframework.web.servlet.FrameworkServlet.initWebApplicationContext(FrameworkServlet.java:548) ~[spring-webmvc-4.1.3.RELEASE.jar:4.1.3.RELEASE]
	at org.springframework.web.servlet.FrameworkServlet.initServletBean(FrameworkServlet.java:489) ~[spring-webmvc-4.1.3.RELEASE.jar:4.1.3.RELEASE]
	at org.springframework.web.servlet.HttpServletBean.init(HttpServletBean.java:136) ~[spring-webmvc-4.1.3.RELEASE.jar:4.1.3.RELEASE]
	at javax.servlet.GenericServlet.init(GenericServlet.java:244) ~[jetty-runner-9.4.6.v20170531.jar:9.4.6.v20170531]
	at org.eclipse.jetty.servlet.ServletHolder.initServlet(ServletHolder.java:637) ~[jetty-runner-9.4.6.v20170531.jar:9.4.6.v20170531]
	... 26 common frames omitted
Caused by: org.springframework.beans.factory.BeanCreationException: Error creating bean with name 'tokenMapper' defined in file [C:\Users\Administrator\Desktop\常用\mine\FreeMaker\target\classes\com\java1234\dal\mapper\main\sys\token\TokenMapper.class]: Invocation of init method failed; nested exception is java.lang.IllegalArgumentException: org.apache.ibatis.builder.BuilderException: Error parsing Mapper XML. Cause: org.apache.ibatis.builder.BuilderException: Error resolving class. Cause: org.apache.ibatis.type.TypeException: Could not resolve type alias 'DeviceTypeEnumHandler'.  Cause: java.lang.ClassNotFoundException: Cannot find class: DeviceTypeEnumHandler
	at org.springframework.beans.factory.support.AbstractAutowireCapableBeanFactory.initializeBean(AbstractAutowireCapableBeanFactory.java:1566) ~[spring-beans-4.1.3.RELEASE.jar:4.1.3.RELEASE]
	at org.springframework.beans.factory.support.AbstractAutowireCapableBeanFactory.doCreateBean(AbstractAutowireCapableBeanFactory.java:539) ~[spring-beans-4.1.3.RELEASE.jar:4.1.3.RELEASE]
	at org.springframework.beans.factory.support.AbstractAutowireCapableBeanFactory.createBean(AbstractAutowireCapableBeanFactory.java:476) ~[spring-beans-4.1.3.RELEASE.jar:4.1.3.RELEASE]
	at org.springframework.beans.factory.support.AbstractBeanFactory$1.getObject(AbstractBeanFactory.java:302) ~[spring-beans-4.1.3.RELEASE.jar:4.1.3.RELEASE]
	at org.springframework.beans.factory.support.DefaultSingletonBeanRegistry.getSingleton(DefaultSingletonBeanRegistry.java:230) ~[spring-beans-4.1.3.RELEASE.jar:4.1.3.RELEASE]
	at org.springframework.beans.factory.support.AbstractBeanFactory.doGetBean(AbstractBeanFactory.java:298) ~[spring-beans-4.1.3.RELEASE.jar:4.1.3.RELEASE]
	at org.springframework.beans.factory.support.AbstractBeanFactory.getBean(AbstractBeanFactory.java:198) ~[spring-beans-4.1.3.RELEASE.jar:4.1.3.RELEASE]
	at org.springframework.context.annotation.CommonAnnotationBeanPostProcessor.autowireResource(CommonAnnotationBeanPostProcessor.java:458) ~[spring-context-4.1.3.RELEASE.jar:4.1.3.RELEASE]
	at org.springframework.context.annotation.CommonAnnotationBeanPostProcessor.getResource(CommonAnnotationBeanPostProcessor.java:432) ~[spring-context-4.1.3.RELEASE.jar:4.1.3.RELEASE]
	at org.springframework.context.annotation.CommonAnnotationBeanPostProcessor$ResourceElement.getResourceToInject(CommonAnnotationBeanPostProcessor.java:556) ~[spring-context-4.1.3.RELEASE.jar:4.1.3.RELEASE]
	at org.springframework.beans.factory.annotation.InjectionMetadata$InjectedElement.inject(InjectionMetadata.java:155) ~[spring-beans-4.1.3.RELEASE.jar:4.1.3.RELEASE]
	at org.springframework.beans.factory.annotation.InjectionMetadata.inject(InjectionMetadata.java:87) ~[spring-beans-4.1.3.RELEASE.jar:4.1.3.RELEASE]
	at org.springframework.context.annotation.CommonAnnotationBeanPostProcessor.postProcessPropertyValues(CommonAnnotationBeanPostProcessor.java:305) ~[spring-context-4.1.3.RELEASE.jar:4.1.3.RELEASE]
	... 44 common frames omitted
Caused by: java.lang.IllegalArgumentException: org.apache.ibatis.builder.BuilderException: Error parsing Mapper XML. Cause: org.apache.ibatis.builder.BuilderException: Error resolving class. Cause: org.apache.ibatis.type.TypeException: Could not resolve type alias 'DeviceTypeEnumHandler'.  Cause: java.lang.ClassNotFoundException: Cannot find class: DeviceTypeEnumHandler
	at org.mybatis.spring.mapper.MapperFactoryBean.checkDaoConfig(MapperFactoryBean.java:100) ~[mybatis-spring-1.2.2.jar:1.2.2]
	at tk.mybatis.spring.mapper.MapperFactoryBean.checkDaoConfig(MapperFactoryBean.java:51) ~[mapper-3.3.7.jar:na]
	at org.springframework.dao.support.DaoSupport.afterPropertiesSet(DaoSupport.java:44) ~[spring-tx-4.1.3.RELEASE.jar:4.1.3.RELEASE]
	at org.springframework.beans.factory.support.AbstractAutowireCapableBeanFactory.invokeInitMethods(AbstractAutowireCapableBeanFactory.java:1625) ~[spring-beans-4.1.3.RELEASE.jar:4.1.3.RELEASE]
	at org.springframework.beans.factory.support.AbstractAutowireCapableBeanFactory.initializeBean(AbstractAutowireCapableBeanFactory.java:1562) ~[spring-beans-4.1.3.RELEASE.jar:4.1.3.RELEASE]
	... 56 common frames omitted
Caused by: org.apache.ibatis.builder.BuilderException: Error parsing Mapper XML. Cause: org.apache.ibatis.builder.BuilderException: Error resolving class. Cause: org.apache.ibatis.type.TypeException: Could not resolve type alias 'DeviceTypeEnumHandler'.  Cause: java.lang.ClassNotFoundException: Cannot find class: DeviceTypeEnumHandler
	at org.apache.ibatis.builder.xml.XMLMapperBuilder.configurationElement(XMLMapperBuilder.java:120) ~[mybatis-3.2.8.jar:3.2.8]
	at org.apache.ibatis.builder.xml.XMLMapperBuilder.parse(XMLMapperBuilder.java:92) ~[mybatis-3.2.8.jar:3.2.8]
	at org.apache.ibatis.builder.annotation.MapperAnnotationBuilder.loadXmlResource(MapperAnnotationBuilder.java:166) ~[mybatis-3.2.8.jar:3.2.8]
	at org.apache.ibatis.builder.annotation.MapperAnnotationBuilder.parse(MapperAnnotationBuilder.java:118) ~[mybatis-3.2.8.jar:3.2.8]
	at org.apache.ibatis.binding.MapperRegistry.addMapper(MapperRegistry.java:71) ~[mybatis-3.2.8.jar:3.2.8]
	at org.apache.ibatis.session.Configuration.addMapper(Configuration.java:651) ~[mybatis-3.2.8.jar:3.2.8]
	at org.mybatis.spring.mapper.MapperFactoryBean.checkDaoConfig(MapperFactoryBean.java:97) ~[mybatis-spring-1.2.2.jar:1.2.2]
	... 60 common frames omitted
Caused by: org.apache.ibatis.builder.BuilderException: Error resolving class. Cause: org.apache.ibatis.type.TypeException: Could not resolve type alias 'DeviceTypeEnumHandler'.  Cause: java.lang.ClassNotFoundException: Cannot find class: DeviceTypeEnumHandler
	at org.apache.ibatis.builder.BaseBuilder.resolveClass(BaseBuilder.java:103) ~[mybatis-3.2.8.jar:3.2.8]
	at org.apache.ibatis.builder.xml.XMLMapperBuilder.buildResultMappingFromContext(XMLMapperBuilder.java:373) ~[mybatis-3.2.8.jar:3.2.8]
	at org.apache.ibatis.builder.xml.XMLMapperBuilder.resultMapElement(XMLMapperBuilder.java:279) ~[mybatis-3.2.8.jar:3.2.8]
	at org.apache.ibatis.builder.xml.XMLMapperBuilder.resultMapElement(XMLMapperBuilder.java:251) ~[mybatis-3.2.8.jar:3.2.8]
	at org.apache.ibatis.builder.xml.XMLMapperBuilder.resultMapElements(XMLMapperBuilder.java:243) ~[mybatis-3.2.8.jar:3.2.8]
	at org.apache.ibatis.builder.xml.XMLMapperBuilder.configurationElement(XMLMapperBuilder.java:116) ~[mybatis-3.2.8.jar:3.2.8]
	... 66 common frames omitted
Caused by: org.apache.ibatis.type.TypeException: Could not resolve type alias 'DeviceTypeEnumHandler'.  Cause: java.lang.ClassNotFoundException: Cannot find class: DeviceTypeEnumHandler
	at org.apache.ibatis.type.TypeAliasRegistry.resolveAlias(TypeAliasRegistry.java:117) ~[mybatis-3.2.8.jar:3.2.8]
	at org.apache.ibatis.builder.BaseBuilder.resolveAlias(BaseBuilder.java:130) ~[mybatis-3.2.8.jar:3.2.8]
	at org.apache.ibatis.builder.BaseBuilder.resolveClass(BaseBuilder.java:101) ~[mybatis-3.2.8.jar:3.2.8]
	... 71 common frames omitted
Caused by: java.lang.ClassNotFoundException: Cannot find class: DeviceTypeEnumHandler
	at org.apache.ibatis.io.ClassLoaderWrapper.classForName(ClassLoaderWrapper.java:190) ~[mybatis-3.2.8.jar:3.2.8]
	at org.apache.ibatis.io.ClassLoaderWrapper.classForName(ClassLoaderWrapper.java:89) ~[mybatis-3.2.8.jar:3.2.8]
	at org.apache.ibatis.io.Resources.classForName(Resources.java:256) ~[mybatis-3.2.8.jar:3.2.8]
	at org.apache.ibatis.type.TypeAliasRegistry.resolveAlias(TypeAliasRegistry.java:113) ~[mybatis-3.2.8.jar:3.2.8]
	... 73 common frames omitted
2018-06-01 10:44:09.652 [main] INFO  org.eclipse.jetty.server.AbstractConnector - Started ServerConnector@3bd40a57{HTTP/1.1,[http/1.1]}{0.0.0.0:8083}
2018-06-01 10:44:09.652 [main] INFO  org.eclipse.jetty.server.Server - Started @5545ms
2018-06-01 10:45:57.946 [main] INFO  o.eclipse.jetty.server.handler.ContextHandler.ROOT - Set web app root system property: 'webapp.root' = [C:\Users\Administrator\Desktop\常用\mine\FreeMaker\src\main\webapp]
2018-06-01 10:45:58.141 [main] INFO  o.eclipse.jetty.server.handler.ContextHandler.ROOT - Initializing Spring FrameworkServlet 'controller'
2018-06-01 10:46:00.818 [main] WARN  o.eclipse.jetty.server.handler.ContextHandler.ROOT - unavailable
org.springframework.beans.factory.BeanCreationException: Error creating bean with name 'tokenDAOImpl': Injection of resource dependencies failed; nested exception is org.springframework.beans.factory.BeanCreationException: Error creating bean with name 'tokenMapper' defined in file [C:\Users\Administrator\Desktop\常用\mine\FreeMaker\target\classes\com\java1234\dal\mapper\main\sys\token\TokenMapper.class]: Invocation of init method failed; nested exception is java.lang.IllegalArgumentException: org.apache.ibatis.builder.BuilderException: Error parsing Mapper XML. Cause: org.apache.ibatis.builder.BuilderException: Error resolving class. Cause: org.apache.ibatis.type.TypeException: Could not resolve type alias 'DeviceTypeEnumHandler'.  Cause: java.lang.ClassNotFoundException: Cannot find class: DeviceTypeEnumHandler
	at org.springframework.context.annotation.CommonAnnotationBeanPostProcessor.postProcessPropertyValues(CommonAnnotationBeanPostProcessor.java:308) ~[spring-context-4.1.3.RELEASE.jar:4.1.3.RELEASE]
	at org.springframework.beans.factory.support.AbstractAutowireCapableBeanFactory.populateBean(AbstractAutowireCapableBeanFactory.java:1202) ~[spring-beans-4.1.3.RELEASE.jar:4.1.3.RELEASE]
	at org.springframework.beans.factory.support.AbstractAutowireCapableBeanFactory.doCreateBean(AbstractAutowireCapableBeanFactory.java:537) ~[spring-beans-4.1.3.RELEASE.jar:4.1.3.RELEASE]
	at org.springframework.beans.factory.support.AbstractAutowireCapableBeanFactory.createBean(AbstractAutowireCapableBeanFactory.java:476) ~[spring-beans-4.1.3.RELEASE.jar:4.1.3.RELEASE]
	at org.springframework.beans.factory.support.AbstractBeanFactory$1.getObject(AbstractBeanFactory.java:302) ~[spring-beans-4.1.3.RELEASE.jar:4.1.3.RELEASE]
	at org.springframework.beans.factory.support.DefaultSingletonBeanRegistry.getSingleton(DefaultSingletonBeanRegistry.java:230) ~[spring-beans-4.1.3.RELEASE.jar:4.1.3.RELEASE]
	at org.springframework.beans.factory.support.AbstractBeanFactory.doGetBean(AbstractBeanFactory.java:298) ~[spring-beans-4.1.3.RELEASE.jar:4.1.3.RELEASE]
	at org.springframework.beans.factory.support.AbstractBeanFactory.getBean(AbstractBeanFactory.java:193) ~[spring-beans-4.1.3.RELEASE.jar:4.1.3.RELEASE]
	at org.springframework.beans.factory.support.DefaultListableBeanFactory.preInstantiateSingletons(DefaultListableBeanFactory.java:762) ~[spring-beans-4.1.3.RELEASE.jar:4.1.3.RELEASE]
	at org.springframework.context.support.AbstractApplicationContext.finishBeanFactoryInitialization(AbstractApplicationContext.java:757) ~[spring-context-4.1.3.RELEASE.jar:4.1.3.RELEASE]
	at org.springframework.context.support.AbstractApplicationContext.refresh(AbstractApplicationContext.java:480) ~[spring-context-4.1.3.RELEASE.jar:4.1.3.RELEASE]
	at org.springframework.web.servlet.FrameworkServlet.configureAndRefreshWebApplicationContext(FrameworkServlet.java:663) ~[spring-webmvc-4.1.3.RELEASE.jar:4.1.3.RELEASE]
	at org.springframework.web.servlet.FrameworkServlet.createWebApplicationContext(FrameworkServlet.java:629) ~[spring-webmvc-4.1.3.RELEASE.jar:4.1.3.RELEASE]
	at org.springframework.web.servlet.FrameworkServlet.createWebApplicationContext(FrameworkServlet.java:677) ~[spring-webmvc-4.1.3.RELEASE.jar:4.1.3.RELEASE]
	at org.springframework.web.servlet.FrameworkServlet.initWebApplicationContext(FrameworkServlet.java:548) ~[spring-webmvc-4.1.3.RELEASE.jar:4.1.3.RELEASE]
	at org.springframework.web.servlet.FrameworkServlet.initServletBean(FrameworkServlet.java:489) ~[spring-webmvc-4.1.3.RELEASE.jar:4.1.3.RELEASE]
	at org.springframework.web.servlet.HttpServletBean.init(HttpServletBean.java:136) ~[spring-webmvc-4.1.3.RELEASE.jar:4.1.3.RELEASE]
	at javax.servlet.GenericServlet.init(GenericServlet.java:244) ~[jetty-runner-9.4.6.v20170531.jar:9.4.6.v20170531]
	at org.eclipse.jetty.servlet.ServletHolder.initServlet(ServletHolder.java:637) [jetty-runner-9.4.6.v20170531.jar:9.4.6.v20170531]
	at org.eclipse.jetty.servlet.ServletHolder.initialize(ServletHolder.java:421) [jetty-runner-9.4.6.v20170531.jar:9.4.6.v20170531]
	at org.eclipse.jetty.servlet.ServletHandler.initialize(ServletHandler.java:760) [jetty-runner-9.4.6.v20170531.jar:9.4.6.v20170531]
	at org.eclipse.jetty.servlet.ServletContextHandler.startContext(ServletContextHandler.java:348) [jetty-runner-9.4.6.v20170531.jar:9.4.6.v20170531]
	at org.eclipse.jetty.webapp.WebAppContext.startWebapp(WebAppContext.java:1501) [jetty-runner-9.4.6.v20170531.jar:9.4.6.v20170531]
	at org.eclipse.jetty.webapp.WebAppContext.startContext(WebAppContext.java:1463) [jetty-runner-9.4.6.v20170531.jar:9.4.6.v20170531]
	at org.eclipse.jetty.server.handler.ContextHandler.doStart(ContextHandler.java:785) [jetty-runner-9.4.6.v20170531.jar:9.4.6.v20170531]
	at org.eclipse.jetty.servlet.ServletContextHandler.doStart(ServletContextHandler.java:261) [jetty-runner-9.4.6.v20170531.jar:9.4.6.v20170531]
	at org.eclipse.jetty.webapp.WebAppContext.doStart(WebAppContext.java:545) [jetty-runner-9.4.6.v20170531.jar:9.4.6.v20170531]
	at org.eclipse.jetty.util.component.AbstractLifeCycle.start(AbstractLifeCycle.java:68) [jetty-runner-9.4.6.v20170531.jar:9.4.6.v20170531]
	at org.eclipse.jetty.util.component.ContainerLifeCycle.start(ContainerLifeCycle.java:131) [jetty-runner-9.4.6.v20170531.jar:9.4.6.v20170531]
	at org.eclipse.jetty.util.component.ContainerLifeCycle.doStart(ContainerLifeCycle.java:113) [jetty-runner-9.4.6.v20170531.jar:9.4.6.v20170531]
	at org.eclipse.jetty.server.handler.AbstractHandler.doStart(AbstractHandler.java:113) [jetty-runner-9.4.6.v20170531.jar:9.4.6.v20170531]
	at org.eclipse.jetty.server.handler.ContextHandlerCollection.doStart(ContextHandlerCollection.java:167) [jetty-runner-9.4.6.v20170531.jar:9.4.6.v20170531]
	at org.eclipse.jetty.util.component.AbstractLifeCycle.start(AbstractLifeCycle.java:68) [jetty-runner-9.4.6.v20170531.jar:9.4.6.v20170531]
	at org.eclipse.jetty.util.component.ContainerLifeCycle.start(ContainerLifeCycle.java:131) [jetty-runner-9.4.6.v20170531.jar:9.4.6.v20170531]
	at org.eclipse.jetty.util.component.ContainerLifeCycle.doStart(ContainerLifeCycle.java:113) [jetty-runner-9.4.6.v20170531.jar:9.4.6.v20170531]
	at org.eclipse.jetty.server.handler.AbstractHandler.doStart(AbstractHandler.java:113) [jetty-runner-9.4.6.v20170531.jar:9.4.6.v20170531]
	at org.eclipse.jetty.util.component.AbstractLifeCycle.start(AbstractLifeCycle.java:68) [jetty-runner-9.4.6.v20170531.jar:9.4.6.v20170531]
	at org.eclipse.jetty.util.component.ContainerLifeCycle.start(ContainerLifeCycle.java:131) [jetty-runner-9.4.6.v20170531.jar:9.4.6.v20170531]
	at org.eclipse.jetty.server.Server.start(Server.java:452) [jetty-runner-9.4.6.v20170531.jar:9.4.6.v20170531]
	at org.eclipse.jetty.util.component.ContainerLifeCycle.doStart(ContainerLifeCycle.java:105) [jetty-runner-9.4.6.v20170531.jar:9.4.6.v20170531]
	at org.eclipse.jetty.server.handler.AbstractHandler.doStart(AbstractHandler.java:113) [jetty-runner-9.4.6.v20170531.jar:9.4.6.v20170531]
	at org.eclipse.jetty.server.Server.doStart(Server.java:419) [jetty-runner-9.4.6.v20170531.jar:9.4.6.v20170531]
	at org.eclipse.jetty.util.component.AbstractLifeCycle.start(AbstractLifeCycle.java:68) [jetty-runner-9.4.6.v20170531.jar:9.4.6.v20170531]
	at org.eclipse.jetty.runner.Runner.run(Runner.java:518) [jetty-runner-9.4.6.v20170531.jar:9.4.6.v20170531]
	at org.eclipse.jetty.runner.Runner.main(Runner.java:559) [jetty-runner-9.4.6.v20170531.jar:9.4.6.v20170531]
Caused by: org.springframework.beans.factory.BeanCreationException: Error creating bean with name 'tokenMapper' defined in file [C:\Users\Administrator\Desktop\常用\mine\FreeMaker\target\classes\com\java1234\dal\mapper\main\sys\token\TokenMapper.class]: Invocation of init method failed; nested exception is java.lang.IllegalArgumentException: org.apache.ibatis.builder.BuilderException: Error parsing Mapper XML. Cause: org.apache.ibatis.builder.BuilderException: Error resolving class. Cause: org.apache.ibatis.type.TypeException: Could not resolve type alias 'DeviceTypeEnumHandler'.  Cause: java.lang.ClassNotFoundException: Cannot find class: DeviceTypeEnumHandler
	at org.springframework.beans.factory.support.AbstractAutowireCapableBeanFactory.initializeBean(AbstractAutowireCapableBeanFactory.java:1566) ~[spring-beans-4.1.3.RELEASE.jar:4.1.3.RELEASE]
	at org.springframework.beans.factory.support.AbstractAutowireCapableBeanFactory.doCreateBean(AbstractAutowireCapableBeanFactory.java:539) ~[spring-beans-4.1.3.RELEASE.jar:4.1.3.RELEASE]
	at org.springframework.beans.factory.support.AbstractAutowireCapableBeanFactory.createBean(AbstractAutowireCapableBeanFactory.java:476) ~[spring-beans-4.1.3.RELEASE.jar:4.1.3.RELEASE]
	at org.springframework.beans.factory.support.AbstractBeanFactory$1.getObject(AbstractBeanFactory.java:302) ~[spring-beans-4.1.3.RELEASE.jar:4.1.3.RELEASE]
	at org.springframework.beans.factory.support.DefaultSingletonBeanRegistry.getSingleton(DefaultSingletonBeanRegistry.java:230) ~[spring-beans-4.1.3.RELEASE.jar:4.1.3.RELEASE]
	at org.springframework.beans.factory.support.AbstractBeanFactory.doGetBean(AbstractBeanFactory.java:298) ~[spring-beans-4.1.3.RELEASE.jar:4.1.3.RELEASE]
	at org.springframework.beans.factory.support.AbstractBeanFactory.getBean(AbstractBeanFactory.java:198) ~[spring-beans-4.1.3.RELEASE.jar:4.1.3.RELEASE]
	at org.springframework.context.annotation.CommonAnnotationBeanPostProcessor.autowireResource(CommonAnnotationBeanPostProcessor.java:458) ~[spring-context-4.1.3.RELEASE.jar:4.1.3.RELEASE]
	at org.springframework.context.annotation.CommonAnnotationBeanPostProcessor.getResource(CommonAnnotationBeanPostProcessor.java:432) ~[spring-context-4.1.3.RELEASE.jar:4.1.3.RELEASE]
	at org.springframework.context.annotation.CommonAnnotationBeanPostProcessor$ResourceElement.getResourceToInject(CommonAnnotationBeanPostProcessor.java:556) ~[spring-context-4.1.3.RELEASE.jar:4.1.3.RELEASE]
	at org.springframework.beans.factory.annotation.InjectionMetadata$InjectedElement.inject(InjectionMetadata.java:155) ~[spring-beans-4.1.3.RELEASE.jar:4.1.3.RELEASE]
	at org.springframework.beans.factory.annotation.InjectionMetadata.inject(InjectionMetadata.java:87) ~[spring-beans-4.1.3.RELEASE.jar:4.1.3.RELEASE]
	at org.springframework.context.annotation.CommonAnnotationBeanPostProcessor.postProcessPropertyValues(CommonAnnotationBeanPostProcessor.java:305) ~[spring-context-4.1.3.RELEASE.jar:4.1.3.RELEASE]
	... 44 common frames omitted
Caused by: java.lang.IllegalArgumentException: org.apache.ibatis.builder.BuilderException: Error parsing Mapper XML. Cause: org.apache.ibatis.builder.BuilderException: Error resolving class. Cause: org.apache.ibatis.type.TypeException: Could not resolve type alias 'DeviceTypeEnumHandler'.  Cause: java.lang.ClassNotFoundException: Cannot find class: DeviceTypeEnumHandler
	at org.mybatis.spring.mapper.MapperFactoryBean.checkDaoConfig(MapperFactoryBean.java:100) ~[mybatis-spring-1.2.2.jar:1.2.2]
	at tk.mybatis.spring.mapper.MapperFactoryBean.checkDaoConfig(MapperFactoryBean.java:51) ~[mapper-3.3.7.jar:na]
	at org.springframework.dao.support.DaoSupport.afterPropertiesSet(DaoSupport.java:44) ~[spring-tx-4.1.3.RELEASE.jar:4.1.3.RELEASE]
	at org.springframework.beans.factory.support.AbstractAutowireCapableBeanFactory.invokeInitMethods(AbstractAutowireCapableBeanFactory.java:1625) ~[spring-beans-4.1.3.RELEASE.jar:4.1.3.RELEASE]
	at org.springframework.beans.factory.support.AbstractAutowireCapableBeanFactory.initializeBean(AbstractAutowireCapableBeanFactory.java:1562) ~[spring-beans-4.1.3.RELEASE.jar:4.1.3.RELEASE]
	... 56 common frames omitted
Caused by: org.apache.ibatis.builder.BuilderException: Error parsing Mapper XML. Cause: org.apache.ibatis.builder.BuilderException: Error resolving class. Cause: org.apache.ibatis.type.TypeException: Could not resolve type alias 'DeviceTypeEnumHandler'.  Cause: java.lang.ClassNotFoundException: Cannot find class: DeviceTypeEnumHandler
	at org.apache.ibatis.builder.xml.XMLMapperBuilder.configurationElement(XMLMapperBuilder.java:120) ~[mybatis-3.2.8.jar:3.2.8]
	at org.apache.ibatis.builder.xml.XMLMapperBuilder.parse(XMLMapperBuilder.java:92) ~[mybatis-3.2.8.jar:3.2.8]
	at org.apache.ibatis.builder.annotation.MapperAnnotationBuilder.loadXmlResource(MapperAnnotationBuilder.java:166) ~[mybatis-3.2.8.jar:3.2.8]
	at org.apache.ibatis.builder.annotation.MapperAnnotationBuilder.parse(MapperAnnotationBuilder.java:118) ~[mybatis-3.2.8.jar:3.2.8]
	at org.apache.ibatis.binding.MapperRegistry.addMapper(MapperRegistry.java:71) ~[mybatis-3.2.8.jar:3.2.8]
	at org.apache.ibatis.session.Configuration.addMapper(Configuration.java:651) ~[mybatis-3.2.8.jar:3.2.8]
	at org.mybatis.spring.mapper.MapperFactoryBean.checkDaoConfig(MapperFactoryBean.java:97) ~[mybatis-spring-1.2.2.jar:1.2.2]
	... 60 common frames omitted
Caused by: org.apache.ibatis.builder.BuilderException: Error resolving class. Cause: org.apache.ibatis.type.TypeException: Could not resolve type alias 'DeviceTypeEnumHandler'.  Cause: java.lang.ClassNotFoundException: Cannot find class: DeviceTypeEnumHandler
	at org.apache.ibatis.builder.BaseBuilder.resolveClass(BaseBuilder.java:103) ~[mybatis-3.2.8.jar:3.2.8]
	at org.apache.ibatis.builder.xml.XMLMapperBuilder.buildResultMappingFromContext(XMLMapperBuilder.java:373) ~[mybatis-3.2.8.jar:3.2.8]
	at org.apache.ibatis.builder.xml.XMLMapperBuilder.resultMapElement(XMLMapperBuilder.java:279) ~[mybatis-3.2.8.jar:3.2.8]
	at org.apache.ibatis.builder.xml.XMLMapperBuilder.resultMapElement(XMLMapperBuilder.java:251) ~[mybatis-3.2.8.jar:3.2.8]
	at org.apache.ibatis.builder.xml.XMLMapperBuilder.resultMapElements(XMLMapperBuilder.java:243) ~[mybatis-3.2.8.jar:3.2.8]
	at org.apache.ibatis.builder.xml.XMLMapperBuilder.configurationElement(XMLMapperBuilder.java:116) ~[mybatis-3.2.8.jar:3.2.8]
	... 66 common frames omitted
Caused by: org.apache.ibatis.type.TypeException: Could not resolve type alias 'DeviceTypeEnumHandler'.  Cause: java.lang.ClassNotFoundException: Cannot find class: DeviceTypeEnumHandler
	at org.apache.ibatis.type.TypeAliasRegistry.resolveAlias(TypeAliasRegistry.java:117) ~[mybatis-3.2.8.jar:3.2.8]
	at org.apache.ibatis.builder.BaseBuilder.resolveAlias(BaseBuilder.java:130) ~[mybatis-3.2.8.jar:3.2.8]
	at org.apache.ibatis.builder.BaseBuilder.resolveClass(BaseBuilder.java:101) ~[mybatis-3.2.8.jar:3.2.8]
	... 71 common frames omitted
Caused by: java.lang.ClassNotFoundException: Cannot find class: DeviceTypeEnumHandler
	at org.apache.ibatis.io.ClassLoaderWrapper.classForName(ClassLoaderWrapper.java:190) ~[mybatis-3.2.8.jar:3.2.8]
	at org.apache.ibatis.io.ClassLoaderWrapper.classForName(ClassLoaderWrapper.java:89) ~[mybatis-3.2.8.jar:3.2.8]
	at org.apache.ibatis.io.Resources.classForName(Resources.java:256) ~[mybatis-3.2.8.jar:3.2.8]
	at org.apache.ibatis.type.TypeAliasRegistry.resolveAlias(TypeAliasRegistry.java:113) ~[mybatis-3.2.8.jar:3.2.8]
	... 73 common frames omitted
2018-06-01 10:46:00.828 [main] WARN  org.eclipse.jetty.webapp.WebAppContext - Failed startup of context o.e.j.w.WebAppContext@2f112965{/,file:///C:/Users/Administrator/Desktop/%E5%B8%B8%E7%94%A8/mine/FreeMaker/src/main/webapp/,UNAVAILABLE}{file:///C:/Users/Administrator/Desktop/%E5%B8%B8%E7%94%A8/mine/FreeMaker/src/main/webapp/}
javax.servlet.ServletException: controller@25fe639c==org.springframework.web.servlet.DispatcherServlet,jsp=null,order=1,inst=false
	at org.eclipse.jetty.servlet.ServletHolder.initServlet(ServletHolder.java:658) ~[jetty-runner-9.4.6.v20170531.jar:9.4.6.v20170531]
	at org.eclipse.jetty.servlet.ServletHolder.initialize(ServletHolder.java:421) ~[jetty-runner-9.4.6.v20170531.jar:9.4.6.v20170531]
	at org.eclipse.jetty.servlet.ServletHandler.initialize(ServletHandler.java:760) ~[jetty-runner-9.4.6.v20170531.jar:9.4.6.v20170531]
	at org.eclipse.jetty.servlet.ServletContextHandler.startContext(ServletContextHandler.java:348) ~[jetty-runner-9.4.6.v20170531.jar:9.4.6.v20170531]
	at org.eclipse.jetty.webapp.WebAppContext.startWebapp(WebAppContext.java:1501) ~[jetty-runner-9.4.6.v20170531.jar:9.4.6.v20170531]
	at org.eclipse.jetty.webapp.WebAppContext.startContext(WebAppContext.java:1463) ~[jetty-runner-9.4.6.v20170531.jar:9.4.6.v20170531]
	at org.eclipse.jetty.server.handler.ContextHandler.doStart(ContextHandler.java:785) ~[jetty-runner-9.4.6.v20170531.jar:9.4.6.v20170531]
	at org.eclipse.jetty.servlet.ServletContextHandler.doStart(ServletContextHandler.java:261) ~[jetty-runner-9.4.6.v20170531.jar:9.4.6.v20170531]
	at org.eclipse.jetty.webapp.WebAppContext.doStart(WebAppContext.java:545) ~[jetty-runner-9.4.6.v20170531.jar:9.4.6.v20170531]
	at org.eclipse.jetty.util.component.AbstractLifeCycle.start(AbstractLifeCycle.java:68) [jetty-runner-9.4.6.v20170531.jar:9.4.6.v20170531]
	at org.eclipse.jetty.util.component.ContainerLifeCycle.start(ContainerLifeCycle.java:131) [jetty-runner-9.4.6.v20170531.jar:9.4.6.v20170531]
	at org.eclipse.jetty.util.component.ContainerLifeCycle.doStart(ContainerLifeCycle.java:113) [jetty-runner-9.4.6.v20170531.jar:9.4.6.v20170531]
	at org.eclipse.jetty.server.handler.AbstractHandler.doStart(AbstractHandler.java:113) [jetty-runner-9.4.6.v20170531.jar:9.4.6.v20170531]
	at org.eclipse.jetty.server.handler.ContextHandlerCollection.doStart(ContextHandlerCollection.java:167) [jetty-runner-9.4.6.v20170531.jar:9.4.6.v20170531]
	at org.eclipse.jetty.util.component.AbstractLifeCycle.start(AbstractLifeCycle.java:68) [jetty-runner-9.4.6.v20170531.jar:9.4.6.v20170531]
	at org.eclipse.jetty.util.component.ContainerLifeCycle.start(ContainerLifeCycle.java:131) [jetty-runner-9.4.6.v20170531.jar:9.4.6.v20170531]
	at org.eclipse.jetty.util.component.ContainerLifeCycle.doStart(ContainerLifeCycle.java:113) [jetty-runner-9.4.6.v20170531.jar:9.4.6.v20170531]
	at org.eclipse.jetty.server.handler.AbstractHandler.doStart(AbstractHandler.java:113) [jetty-runner-9.4.6.v20170531.jar:9.4.6.v20170531]
	at org.eclipse.jetty.util.component.AbstractLifeCycle.start(AbstractLifeCycle.java:68) [jetty-runner-9.4.6.v20170531.jar:9.4.6.v20170531]
	at org.eclipse.jetty.util.component.ContainerLifeCycle.start(ContainerLifeCycle.java:131) [jetty-runner-9.4.6.v20170531.jar:9.4.6.v20170531]
	at org.eclipse.jetty.server.Server.start(Server.java:452) [jetty-runner-9.4.6.v20170531.jar:9.4.6.v20170531]
	at org.eclipse.jetty.util.component.ContainerLifeCycle.doStart(ContainerLifeCycle.java:105) [jetty-runner-9.4.6.v20170531.jar:9.4.6.v20170531]
	at org.eclipse.jetty.server.handler.AbstractHandler.doStart(AbstractHandler.java:113) [jetty-runner-9.4.6.v20170531.jar:9.4.6.v20170531]
	at org.eclipse.jetty.server.Server.doStart(Server.java:419) [jetty-runner-9.4.6.v20170531.jar:9.4.6.v20170531]
	at org.eclipse.jetty.util.component.AbstractLifeCycle.start(AbstractLifeCycle.java:68) [jetty-runner-9.4.6.v20170531.jar:9.4.6.v20170531]
	at org.eclipse.jetty.runner.Runner.run(Runner.java:518) [jetty-runner-9.4.6.v20170531.jar:9.4.6.v20170531]
	at org.eclipse.jetty.runner.Runner.main(Runner.java:559) [jetty-runner-9.4.6.v20170531.jar:9.4.6.v20170531]
Caused by: org.springframework.beans.factory.BeanCreationException: Error creating bean with name 'tokenDAOImpl': Injection of resource dependencies failed; nested exception is org.springframework.beans.factory.BeanCreationException: Error creating bean with name 'tokenMapper' defined in file [C:\Users\Administrator\Desktop\常用\mine\FreeMaker\target\classes\com\java1234\dal\mapper\main\sys\token\TokenMapper.class]: Invocation of init method failed; nested exception is java.lang.IllegalArgumentException: org.apache.ibatis.builder.BuilderException: Error parsing Mapper XML. Cause: org.apache.ibatis.builder.BuilderException: Error resolving class. Cause: org.apache.ibatis.type.TypeException: Could not resolve type alias 'DeviceTypeEnumHandler'.  Cause: java.lang.ClassNotFoundException: Cannot find class: DeviceTypeEnumHandler
	at org.springframework.context.annotation.CommonAnnotationBeanPostProcessor.postProcessPropertyValues(CommonAnnotationBeanPostProcessor.java:308) ~[spring-context-4.1.3.RELEASE.jar:4.1.3.RELEASE]
	at org.springframework.beans.factory.support.AbstractAutowireCapableBeanFactory.populateBean(AbstractAutowireCapableBeanFactory.java:1202) ~[spring-beans-4.1.3.RELEASE.jar:4.1.3.RELEASE]
	at org.springframework.beans.factory.support.AbstractAutowireCapableBeanFactory.doCreateBean(AbstractAutowireCapableBeanFactory.java:537) ~[spring-beans-4.1.3.RELEASE.jar:4.1.3.RELEASE]
	at org.springframework.beans.factory.support.AbstractAutowireCapableBeanFactory.createBean(AbstractAutowireCapableBeanFactory.java:476) ~[spring-beans-4.1.3.RELEASE.jar:4.1.3.RELEASE]
	at org.springframework.beans.factory.support.AbstractBeanFactory$1.getObject(AbstractBeanFactory.java:302) ~[spring-beans-4.1.3.RELEASE.jar:4.1.3.RELEASE]
	at org.springframework.beans.factory.support.DefaultSingletonBeanRegistry.getSingleton(DefaultSingletonBeanRegistry.java:230) ~[spring-beans-4.1.3.RELEASE.jar:4.1.3.RELEASE]
	at org.springframework.beans.factory.support.AbstractBeanFactory.doGetBean(AbstractBeanFactory.java:298) ~[spring-beans-4.1.3.RELEASE.jar:4.1.3.RELEASE]
	at org.springframework.beans.factory.support.AbstractBeanFactory.getBean(AbstractBeanFactory.java:193) ~[spring-beans-4.1.3.RELEASE.jar:4.1.3.RELEASE]
	at org.springframework.beans.factory.support.DefaultListableBeanFactory.preInstantiateSingletons(DefaultListableBeanFactory.java:762) ~[spring-beans-4.1.3.RELEASE.jar:4.1.3.RELEASE]
	at org.springframework.context.support.AbstractApplicationContext.finishBeanFactoryInitialization(AbstractApplicationContext.java:757) ~[spring-context-4.1.3.RELEASE.jar:4.1.3.RELEASE]
	at org.springframework.context.support.AbstractApplicationContext.refresh(AbstractApplicationContext.java:480) ~[spring-context-4.1.3.RELEASE.jar:4.1.3.RELEASE]
	at org.springframework.web.servlet.FrameworkServlet.configureAndRefreshWebApplicationContext(FrameworkServlet.java:663) ~[spring-webmvc-4.1.3.RELEASE.jar:4.1.3.RELEASE]
	at org.springframework.web.servlet.FrameworkServlet.createWebApplicationContext(FrameworkServlet.java:629) ~[spring-webmvc-4.1.3.RELEASE.jar:4.1.3.RELEASE]
	at org.springframework.web.servlet.FrameworkServlet.createWebApplicationContext(FrameworkServlet.java:677) ~[spring-webmvc-4.1.3.RELEASE.jar:4.1.3.RELEASE]
	at org.springframework.web.servlet.FrameworkServlet.initWebApplicationContext(FrameworkServlet.java:548) ~[spring-webmvc-4.1.3.RELEASE.jar:4.1.3.RELEASE]
	at org.springframework.web.servlet.FrameworkServlet.initServletBean(FrameworkServlet.java:489) ~[spring-webmvc-4.1.3.RELEASE.jar:4.1.3.RELEASE]
	at org.springframework.web.servlet.HttpServletBean.init(HttpServletBean.java:136) ~[spring-webmvc-4.1.3.RELEASE.jar:4.1.3.RELEASE]
	at javax.servlet.GenericServlet.init(GenericServlet.java:244) ~[jetty-runner-9.4.6.v20170531.jar:9.4.6.v20170531]
	at org.eclipse.jetty.servlet.ServletHolder.initServlet(ServletHolder.java:637) ~[jetty-runner-9.4.6.v20170531.jar:9.4.6.v20170531]
	... 26 common frames omitted
Caused by: org.springframework.beans.factory.BeanCreationException: Error creating bean with name 'tokenMapper' defined in file [C:\Users\Administrator\Desktop\常用\mine\FreeMaker\target\classes\com\java1234\dal\mapper\main\sys\token\TokenMapper.class]: Invocation of init method failed; nested exception is java.lang.IllegalArgumentException: org.apache.ibatis.builder.BuilderException: Error parsing Mapper XML. Cause: org.apache.ibatis.builder.BuilderException: Error resolving class. Cause: org.apache.ibatis.type.TypeException: Could not resolve type alias 'DeviceTypeEnumHandler'.  Cause: java.lang.ClassNotFoundException: Cannot find class: DeviceTypeEnumHandler
	at org.springframework.beans.factory.support.AbstractAutowireCapableBeanFactory.initializeBean(AbstractAutowireCapableBeanFactory.java:1566) ~[spring-beans-4.1.3.RELEASE.jar:4.1.3.RELEASE]
	at org.springframework.beans.factory.support.AbstractAutowireCapableBeanFactory.doCreateBean(AbstractAutowireCapableBeanFactory.java:539) ~[spring-beans-4.1.3.RELEASE.jar:4.1.3.RELEASE]
	at org.springframework.beans.factory.support.AbstractAutowireCapableBeanFactory.createBean(AbstractAutowireCapableBeanFactory.java:476) ~[spring-beans-4.1.3.RELEASE.jar:4.1.3.RELEASE]
	at org.springframework.beans.factory.support.AbstractBeanFactory$1.getObject(AbstractBeanFactory.java:302) ~[spring-beans-4.1.3.RELEASE.jar:4.1.3.RELEASE]
	at org.springframework.beans.factory.support.DefaultSingletonBeanRegistry.getSingleton(DefaultSingletonBeanRegistry.java:230) ~[spring-beans-4.1.3.RELEASE.jar:4.1.3.RELEASE]
	at org.springframework.beans.factory.support.AbstractBeanFactory.doGetBean(AbstractBeanFactory.java:298) ~[spring-beans-4.1.3.RELEASE.jar:4.1.3.RELEASE]
	at org.springframework.beans.factory.support.AbstractBeanFactory.getBean(AbstractBeanFactory.java:198) ~[spring-beans-4.1.3.RELEASE.jar:4.1.3.RELEASE]
	at org.springframework.context.annotation.CommonAnnotationBeanPostProcessor.autowireResource(CommonAnnotationBeanPostProcessor.java:458) ~[spring-context-4.1.3.RELEASE.jar:4.1.3.RELEASE]
	at org.springframework.context.annotation.CommonAnnotationBeanPostProcessor.getResource(CommonAnnotationBeanPostProcessor.java:432) ~[spring-context-4.1.3.RELEASE.jar:4.1.3.RELEASE]
	at org.springframework.context.annotation.CommonAnnotationBeanPostProcessor$ResourceElement.getResourceToInject(CommonAnnotationBeanPostProcessor.java:556) ~[spring-context-4.1.3.RELEASE.jar:4.1.3.RELEASE]
	at org.springframework.beans.factory.annotation.InjectionMetadata$InjectedElement.inject(InjectionMetadata.java:155) ~[spring-beans-4.1.3.RELEASE.jar:4.1.3.RELEASE]
	at org.springframework.beans.factory.annotation.InjectionMetadata.inject(InjectionMetadata.java:87) ~[spring-beans-4.1.3.RELEASE.jar:4.1.3.RELEASE]
	at org.springframework.context.annotation.CommonAnnotationBeanPostProcessor.postProcessPropertyValues(CommonAnnotationBeanPostProcessor.java:305) ~[spring-context-4.1.3.RELEASE.jar:4.1.3.RELEASE]
	... 44 common frames omitted
Caused by: java.lang.IllegalArgumentException: org.apache.ibatis.builder.BuilderException: Error parsing Mapper XML. Cause: org.apache.ibatis.builder.BuilderException: Error resolving class. Cause: org.apache.ibatis.type.TypeException: Could not resolve type alias 'DeviceTypeEnumHandler'.  Cause: java.lang.ClassNotFoundException: Cannot find class: DeviceTypeEnumHandler
	at org.mybatis.spring.mapper.MapperFactoryBean.checkDaoConfig(MapperFactoryBean.java:100) ~[mybatis-spring-1.2.2.jar:1.2.2]
	at tk.mybatis.spring.mapper.MapperFactoryBean.checkDaoConfig(MapperFactoryBean.java:51) ~[mapper-3.3.7.jar:na]
	at org.springframework.dao.support.DaoSupport.afterPropertiesSet(DaoSupport.java:44) ~[spring-tx-4.1.3.RELEASE.jar:4.1.3.RELEASE]
	at org.springframework.beans.factory.support.AbstractAutowireCapableBeanFactory.invokeInitMethods(AbstractAutowireCapableBeanFactory.java:1625) ~[spring-beans-4.1.3.RELEASE.jar:4.1.3.RELEASE]
	at org.springframework.beans.factory.support.AbstractAutowireCapableBeanFactory.initializeBean(AbstractAutowireCapableBeanFactory.java:1562) ~[spring-beans-4.1.3.RELEASE.jar:4.1.3.RELEASE]
	... 56 common frames omitted
Caused by: org.apache.ibatis.builder.BuilderException: Error parsing Mapper XML. Cause: org.apache.ibatis.builder.BuilderException: Error resolving class. Cause: org.apache.ibatis.type.TypeException: Could not resolve type alias 'DeviceTypeEnumHandler'.  Cause: java.lang.ClassNotFoundException: Cannot find class: DeviceTypeEnumHandler
	at org.apache.ibatis.builder.xml.XMLMapperBuilder.configurationElement(XMLMapperBuilder.java:120) ~[mybatis-3.2.8.jar:3.2.8]
	at org.apache.ibatis.builder.xml.XMLMapperBuilder.parse(XMLMapperBuilder.java:92) ~[mybatis-3.2.8.jar:3.2.8]
	at org.apache.ibatis.builder.annotation.MapperAnnotationBuilder.loadXmlResource(MapperAnnotationBuilder.java:166) ~[mybatis-3.2.8.jar:3.2.8]
	at org.apache.ibatis.builder.annotation.MapperAnnotationBuilder.parse(MapperAnnotationBuilder.java:118) ~[mybatis-3.2.8.jar:3.2.8]
	at org.apache.ibatis.binding.MapperRegistry.addMapper(MapperRegistry.java:71) ~[mybatis-3.2.8.jar:3.2.8]
	at org.apache.ibatis.session.Configuration.addMapper(Configuration.java:651) ~[mybatis-3.2.8.jar:3.2.8]
	at org.mybatis.spring.mapper.MapperFactoryBean.checkDaoConfig(MapperFactoryBean.java:97) ~[mybatis-spring-1.2.2.jar:1.2.2]
	... 60 common frames omitted
Caused by: org.apache.ibatis.builder.BuilderException: Error resolving class. Cause: org.apache.ibatis.type.TypeException: Could not resolve type alias 'DeviceTypeEnumHandler'.  Cause: java.lang.ClassNotFoundException: Cannot find class: DeviceTypeEnumHandler
	at org.apache.ibatis.builder.BaseBuilder.resolveClass(BaseBuilder.java:103) ~[mybatis-3.2.8.jar:3.2.8]
	at org.apache.ibatis.builder.xml.XMLMapperBuilder.buildResultMappingFromContext(XMLMapperBuilder.java:373) ~[mybatis-3.2.8.jar:3.2.8]
	at org.apache.ibatis.builder.xml.XMLMapperBuilder.resultMapElement(XMLMapperBuilder.java:279) ~[mybatis-3.2.8.jar:3.2.8]
	at org.apache.ibatis.builder.xml.XMLMapperBuilder.resultMapElement(XMLMapperBuilder.java:251) ~[mybatis-3.2.8.jar:3.2.8]
	at org.apache.ibatis.builder.xml.XMLMapperBuilder.resultMapElements(XMLMapperBuilder.java:243) ~[mybatis-3.2.8.jar:3.2.8]
	at org.apache.ibatis.builder.xml.XMLMapperBuilder.configurationElement(XMLMapperBuilder.java:116) ~[mybatis-3.2.8.jar:3.2.8]
	... 66 common frames omitted
Caused by: org.apache.ibatis.type.TypeException: Could not resolve type alias 'DeviceTypeEnumHandler'.  Cause: java.lang.ClassNotFoundException: Cannot find class: DeviceTypeEnumHandler
	at org.apache.ibatis.type.TypeAliasRegistry.resolveAlias(TypeAliasRegistry.java:117) ~[mybatis-3.2.8.jar:3.2.8]
	at org.apache.ibatis.builder.BaseBuilder.resolveAlias(BaseBuilder.java:130) ~[mybatis-3.2.8.jar:3.2.8]
	at org.apache.ibatis.builder.BaseBuilder.resolveClass(BaseBuilder.java:101) ~[mybatis-3.2.8.jar:3.2.8]
	... 71 common frames omitted
Caused by: java.lang.ClassNotFoundException: Cannot find class: DeviceTypeEnumHandler
	at org.apache.ibatis.io.ClassLoaderWrapper.classForName(ClassLoaderWrapper.java:190) ~[mybatis-3.2.8.jar:3.2.8]
	at org.apache.ibatis.io.ClassLoaderWrapper.classForName(ClassLoaderWrapper.java:89) ~[mybatis-3.2.8.jar:3.2.8]
	at org.apache.ibatis.io.Resources.classForName(Resources.java:256) ~[mybatis-3.2.8.jar:3.2.8]
	at org.apache.ibatis.type.TypeAliasRegistry.resolveAlias(TypeAliasRegistry.java:113) ~[mybatis-3.2.8.jar:3.2.8]
	... 73 common frames omitted
2018-06-01 10:46:00.871 [main] INFO  org.eclipse.jetty.server.AbstractConnector - Started ServerConnector@3bd40a57{HTTP/1.1,[http/1.1]}{0.0.0.0:8083}
2018-06-01 10:46:00.871 [main] INFO  org.eclipse.jetty.server.Server - Started @5168ms
2018-06-01 10:49:16.255 [main] INFO  o.eclipse.jetty.server.handler.ContextHandler.ROOT - Set web app root system property: 'webapp.root' = [C:\Users\Administrator\Desktop\常用\mine\FreeMaker\src\main\webapp]
2018-06-01 10:49:16.464 [main] INFO  o.eclipse.jetty.server.handler.ContextHandler.ROOT - Initializing Spring FrameworkServlet 'controller'
2018-06-01 10:49:20.067 [main] WARN  o.eclipse.jetty.server.handler.ContextHandler.ROOT - unavailable
org.springframework.beans.factory.BeanCreationException: Error creating bean with name 'tokenDAOImpl': Injection of resource dependencies failed; nested exception is org.springframework.beans.factory.BeanCreationException: Error creating bean with name 'tokenMapper' defined in file [C:\Users\Administrator\Desktop\常用\mine\FreeMaker\target\classes\com\java1234\dal\mapper\main\sys\token\TokenMapper.class]: Invocation of init method failed; nested exception is java.lang.IllegalArgumentException: org.apache.ibatis.builder.BuilderException: Error parsing Mapper XML. Cause: org.apache.ibatis.builder.BuilderException: Error resolving class. Cause: org.apache.ibatis.type.TypeException: Could not resolve type alias 'DeviceTypeEnumHandler'.  Cause: java.lang.ClassNotFoundException: Cannot find class: DeviceTypeEnumHandler
	at org.springframework.context.annotation.CommonAnnotationBeanPostProcessor.postProcessPropertyValues(CommonAnnotationBeanPostProcessor.java:308) ~[spring-context-4.1.3.RELEASE.jar:4.1.3.RELEASE]
	at org.springframework.beans.factory.support.AbstractAutowireCapableBeanFactory.populateBean(AbstractAutowireCapableBeanFactory.java:1202) ~[spring-beans-4.1.3.RELEASE.jar:4.1.3.RELEASE]
	at org.springframework.beans.factory.support.AbstractAutowireCapableBeanFactory.doCreateBean(AbstractAutowireCapableBeanFactory.java:537) ~[spring-beans-4.1.3.RELEASE.jar:4.1.3.RELEASE]
	at org.springframework.beans.factory.support.AbstractAutowireCapableBeanFactory.createBean(AbstractAutowireCapableBeanFactory.java:476) ~[spring-beans-4.1.3.RELEASE.jar:4.1.3.RELEASE]
	at org.springframework.beans.factory.support.AbstractBeanFactory$1.getObject(AbstractBeanFactory.java:302) ~[spring-beans-4.1.3.RELEASE.jar:4.1.3.RELEASE]
	at org.springframework.beans.factory.support.DefaultSingletonBeanRegistry.getSingleton(DefaultSingletonBeanRegistry.java:230) ~[spring-beans-4.1.3.RELEASE.jar:4.1.3.RELEASE]
	at org.springframework.beans.factory.support.AbstractBeanFactory.doGetBean(AbstractBeanFactory.java:298) ~[spring-beans-4.1.3.RELEASE.jar:4.1.3.RELEASE]
	at org.springframework.beans.factory.support.AbstractBeanFactory.getBean(AbstractBeanFactory.java:193) ~[spring-beans-4.1.3.RELEASE.jar:4.1.3.RELEASE]
	at org.springframework.beans.factory.support.DefaultListableBeanFactory.preInstantiateSingletons(DefaultListableBeanFactory.java:762) ~[spring-beans-4.1.3.RELEASE.jar:4.1.3.RELEASE]
	at org.springframework.context.support.AbstractApplicationContext.finishBeanFactoryInitialization(AbstractApplicationContext.java:757) ~[spring-context-4.1.3.RELEASE.jar:4.1.3.RELEASE]
	at org.springframework.context.support.AbstractApplicationContext.refresh(AbstractApplicationContext.java:480) ~[spring-context-4.1.3.RELEASE.jar:4.1.3.RELEASE]
	at org.springframework.web.servlet.FrameworkServlet.configureAndRefreshWebApplicationContext(FrameworkServlet.java:663) ~[spring-webmvc-4.1.3.RELEASE.jar:4.1.3.RELEASE]
	at org.springframework.web.servlet.FrameworkServlet.createWebApplicationContext(FrameworkServlet.java:629) ~[spring-webmvc-4.1.3.RELEASE.jar:4.1.3.RELEASE]
	at org.springframework.web.servlet.FrameworkServlet.createWebApplicationContext(FrameworkServlet.java:677) ~[spring-webmvc-4.1.3.RELEASE.jar:4.1.3.RELEASE]
	at org.springframework.web.servlet.FrameworkServlet.initWebApplicationContext(FrameworkServlet.java:548) ~[spring-webmvc-4.1.3.RELEASE.jar:4.1.3.RELEASE]
	at org.springframework.web.servlet.FrameworkServlet.initServletBean(FrameworkServlet.java:489) ~[spring-webmvc-4.1.3.RELEASE.jar:4.1.3.RELEASE]
	at org.springframework.web.servlet.HttpServletBean.init(HttpServletBean.java:136) ~[spring-webmvc-4.1.3.RELEASE.jar:4.1.3.RELEASE]
	at javax.servlet.GenericServlet.init(GenericServlet.java:244) ~[jetty-runner-9.4.6.v20170531.jar:9.4.6.v20170531]
	at org.eclipse.jetty.servlet.ServletHolder.initServlet(ServletHolder.java:637) [jetty-runner-9.4.6.v20170531.jar:9.4.6.v20170531]
	at org.eclipse.jetty.servlet.ServletHolder.initialize(ServletHolder.java:421) [jetty-runner-9.4.6.v20170531.jar:9.4.6.v20170531]
	at org.eclipse.jetty.servlet.ServletHandler.initialize(ServletHandler.java:760) [jetty-runner-9.4.6.v20170531.jar:9.4.6.v20170531]
	at org.eclipse.jetty.servlet.ServletContextHandler.startContext(ServletContextHandler.java:348) [jetty-runner-9.4.6.v20170531.jar:9.4.6.v20170531]
	at org.eclipse.jetty.webapp.WebAppContext.startWebapp(WebAppContext.java:1501) [jetty-runner-9.4.6.v20170531.jar:9.4.6.v20170531]
	at org.eclipse.jetty.webapp.WebAppContext.startContext(WebAppContext.java:1463) [jetty-runner-9.4.6.v20170531.jar:9.4.6.v20170531]
	at org.eclipse.jetty.server.handler.ContextHandler.doStart(ContextHandler.java:785) [jetty-runner-9.4.6.v20170531.jar:9.4.6.v20170531]
	at org.eclipse.jetty.servlet.ServletContextHandler.doStart(ServletContextHandler.java:261) [jetty-runner-9.4.6.v20170531.jar:9.4.6.v20170531]
	at org.eclipse.jetty.webapp.WebAppContext.doStart(WebAppContext.java:545) [jetty-runner-9.4.6.v20170531.jar:9.4.6.v20170531]
	at org.eclipse.jetty.util.component.AbstractLifeCycle.start(AbstractLifeCycle.java:68) [jetty-runner-9.4.6.v20170531.jar:9.4.6.v20170531]
	at org.eclipse.jetty.util.component.ContainerLifeCycle.start(ContainerLifeCycle.java:131) [jetty-runner-9.4.6.v20170531.jar:9.4.6.v20170531]
	at org.eclipse.jetty.util.component.ContainerLifeCycle.doStart(ContainerLifeCycle.java:113) [jetty-runner-9.4.6.v20170531.jar:9.4.6.v20170531]
	at org.eclipse.jetty.server.handler.AbstractHandler.doStart(AbstractHandler.java:113) [jetty-runner-9.4.6.v20170531.jar:9.4.6.v20170531]
	at org.eclipse.jetty.server.handler.ContextHandlerCollection.doStart(ContextHandlerCollection.java:167) [jetty-runner-9.4.6.v20170531.jar:9.4.6.v20170531]
	at org.eclipse.jetty.util.component.AbstractLifeCycle.start(AbstractLifeCycle.java:68) [jetty-runner-9.4.6.v20170531.jar:9.4.6.v20170531]
	at org.eclipse.jetty.util.component.ContainerLifeCycle.start(ContainerLifeCycle.java:131) [jetty-runner-9.4.6.v20170531.jar:9.4.6.v20170531]
	at org.eclipse.jetty.util.component.ContainerLifeCycle.doStart(ContainerLifeCycle.java:113) [jetty-runner-9.4.6.v20170531.jar:9.4.6.v20170531]
	at org.eclipse.jetty.server.handler.AbstractHandler.doStart(AbstractHandler.java:113) [jetty-runner-9.4.6.v20170531.jar:9.4.6.v20170531]
	at org.eclipse.jetty.util.component.AbstractLifeCycle.start(AbstractLifeCycle.java:68) [jetty-runner-9.4.6.v20170531.jar:9.4.6.v20170531]
	at org.eclipse.jetty.util.component.ContainerLifeCycle.start(ContainerLifeCycle.java:131) [jetty-runner-9.4.6.v20170531.jar:9.4.6.v20170531]
	at org.eclipse.jetty.server.Server.start(Server.java:452) [jetty-runner-9.4.6.v20170531.jar:9.4.6.v20170531]
	at org.eclipse.jetty.util.component.ContainerLifeCycle.doStart(ContainerLifeCycle.java:105) [jetty-runner-9.4.6.v20170531.jar:9.4.6.v20170531]
	at org.eclipse.jetty.server.handler.AbstractHandler.doStart(AbstractHandler.java:113) [jetty-runner-9.4.6.v20170531.jar:9.4.6.v20170531]
	at org.eclipse.jetty.server.Server.doStart(Server.java:419) [jetty-runner-9.4.6.v20170531.jar:9.4.6.v20170531]
	at org.eclipse.jetty.util.component.AbstractLifeCycle.start(AbstractLifeCycle.java:68) [jetty-runner-9.4.6.v20170531.jar:9.4.6.v20170531]
	at org.eclipse.jetty.runner.Runner.run(Runner.java:518) [jetty-runner-9.4.6.v20170531.jar:9.4.6.v20170531]
	at org.eclipse.jetty.runner.Runner.main(Runner.java:559) [jetty-runner-9.4.6.v20170531.jar:9.4.6.v20170531]
Caused by: org.springframework.beans.factory.BeanCreationException: Error creating bean with name 'tokenMapper' defined in file [C:\Users\Administrator\Desktop\常用\mine\FreeMaker\target\classes\com\java1234\dal\mapper\main\sys\token\TokenMapper.class]: Invocation of init method failed; nested exception is java.lang.IllegalArgumentException: org.apache.ibatis.builder.BuilderException: Error parsing Mapper XML. Cause: org.apache.ibatis.builder.BuilderException: Error resolving class. Cause: org.apache.ibatis.type.TypeException: Could not resolve type alias 'DeviceTypeEnumHandler'.  Cause: java.lang.ClassNotFoundException: Cannot find class: DeviceTypeEnumHandler
	at org.springframework.beans.factory.support.AbstractAutowireCapableBeanFactory.initializeBean(AbstractAutowireCapableBeanFactory.java:1566) ~[spring-beans-4.1.3.RELEASE.jar:4.1.3.RELEASE]
	at org.springframework.beans.factory.support.AbstractAutowireCapableBeanFactory.doCreateBean(AbstractAutowireCapableBeanFactory.java:539) ~[spring-beans-4.1.3.RELEASE.jar:4.1.3.RELEASE]
	at org.springframework.beans.factory.support.AbstractAutowireCapableBeanFactory.createBean(AbstractAutowireCapableBeanFactory.java:476) ~[spring-beans-4.1.3.RELEASE.jar:4.1.3.RELEASE]
	at org.springframework.beans.factory.support.AbstractBeanFactory$1.getObject(AbstractBeanFactory.java:302) ~[spring-beans-4.1.3.RELEASE.jar:4.1.3.RELEASE]
	at org.springframework.beans.factory.support.DefaultSingletonBeanRegistry.getSingleton(DefaultSingletonBeanRegistry.java:230) ~[spring-beans-4.1.3.RELEASE.jar:4.1.3.RELEASE]
	at org.springframework.beans.factory.support.AbstractBeanFactory.doGetBean(AbstractBeanFactory.java:298) ~[spring-beans-4.1.3.RELEASE.jar:4.1.3.RELEASE]
	at org.springframework.beans.factory.support.AbstractBeanFactory.getBean(AbstractBeanFactory.java:198) ~[spring-beans-4.1.3.RELEASE.jar:4.1.3.RELEASE]
	at org.springframework.context.annotation.CommonAnnotationBeanPostProcessor.autowireResource(CommonAnnotationBeanPostProcessor.java:458) ~[spring-context-4.1.3.RELEASE.jar:4.1.3.RELEASE]
	at org.springframework.context.annotation.CommonAnnotationBeanPostProcessor.getResource(CommonAnnotationBeanPostProcessor.java:432) ~[spring-context-4.1.3.RELEASE.jar:4.1.3.RELEASE]
	at org.springframework.context.annotation.CommonAnnotationBeanPostProcessor$ResourceElement.getResourceToInject(CommonAnnotationBeanPostProcessor.java:556) ~[spring-context-4.1.3.RELEASE.jar:4.1.3.RELEASE]
	at org.springframework.beans.factory.annotation.InjectionMetadata$InjectedElement.inject(InjectionMetadata.java:155) ~[spring-beans-4.1.3.RELEASE.jar:4.1.3.RELEASE]
	at org.springframework.beans.factory.annotation.InjectionMetadata.inject(InjectionMetadata.java:87) ~[spring-beans-4.1.3.RELEASE.jar:4.1.3.RELEASE]
	at org.springframework.context.annotation.CommonAnnotationBeanPostProcessor.postProcessPropertyValues(CommonAnnotationBeanPostProcessor.java:305) ~[spring-context-4.1.3.RELEASE.jar:4.1.3.RELEASE]
	... 44 common frames omitted
Caused by: java.lang.IllegalArgumentException: org.apache.ibatis.builder.BuilderException: Error parsing Mapper XML. Cause: org.apache.ibatis.builder.BuilderException: Error resolving class. Cause: org.apache.ibatis.type.TypeException: Could not resolve type alias 'DeviceTypeEnumHandler'.  Cause: java.lang.ClassNotFoundException: Cannot find class: DeviceTypeEnumHandler
	at org.mybatis.spring.mapper.MapperFactoryBean.checkDaoConfig(MapperFactoryBean.java:100) ~[mybatis-spring-1.2.2.jar:1.2.2]
	at tk.mybatis.spring.mapper.MapperFactoryBean.checkDaoConfig(MapperFactoryBean.java:51) ~[mapper-3.3.7.jar:na]
	at org.springframework.dao.support.DaoSupport.afterPropertiesSet(DaoSupport.java:44) ~[spring-tx-4.1.3.RELEASE.jar:4.1.3.RELEASE]
	at org.springframework.beans.factory.support.AbstractAutowireCapableBeanFactory.invokeInitMethods(AbstractAutowireCapableBeanFactory.java:1625) ~[spring-beans-4.1.3.RELEASE.jar:4.1.3.RELEASE]
	at org.springframework.beans.factory.support.AbstractAutowireCapableBeanFactory.initializeBean(AbstractAutowireCapableBeanFactory.java:1562) ~[spring-beans-4.1.3.RELEASE.jar:4.1.3.RELEASE]
	... 56 common frames omitted
Caused by: org.apache.ibatis.builder.BuilderException: Error parsing Mapper XML. Cause: org.apache.ibatis.builder.BuilderException: Error resolving class. Cause: org.apache.ibatis.type.TypeException: Could not resolve type alias 'DeviceTypeEnumHandler'.  Cause: java.lang.ClassNotFoundException: Cannot find class: DeviceTypeEnumHandler
	at org.apache.ibatis.builder.xml.XMLMapperBuilder.configurationElement(XMLMapperBuilder.java:120) ~[mybatis-3.2.8.jar:3.2.8]
	at org.apache.ibatis.builder.xml.XMLMapperBuilder.parse(XMLMapperBuilder.java:92) ~[mybatis-3.2.8.jar:3.2.8]
	at org.apache.ibatis.builder.annotation.MapperAnnotationBuilder.loadXmlResource(MapperAnnotationBuilder.java:166) ~[mybatis-3.2.8.jar:3.2.8]
	at org.apache.ibatis.builder.annotation.MapperAnnotationBuilder.parse(MapperAnnotationBuilder.java:118) ~[mybatis-3.2.8.jar:3.2.8]
	at org.apache.ibatis.binding.MapperRegistry.addMapper(MapperRegistry.java:71) ~[mybatis-3.2.8.jar:3.2.8]
	at org.apache.ibatis.session.Configuration.addMapper(Configuration.java:651) ~[mybatis-3.2.8.jar:3.2.8]
	at org.mybatis.spring.mapper.MapperFactoryBean.checkDaoConfig(MapperFactoryBean.java:97) ~[mybatis-spring-1.2.2.jar:1.2.2]
	... 60 common frames omitted
Caused by: org.apache.ibatis.builder.BuilderException: Error resolving class. Cause: org.apache.ibatis.type.TypeException: Could not resolve type alias 'DeviceTypeEnumHandler'.  Cause: java.lang.ClassNotFoundException: Cannot find class: DeviceTypeEnumHandler
	at org.apache.ibatis.builder.BaseBuilder.resolveClass(BaseBuilder.java:103) ~[mybatis-3.2.8.jar:3.2.8]
	at org.apache.ibatis.builder.xml.XMLMapperBuilder.buildResultMappingFromContext(XMLMapperBuilder.java:373) ~[mybatis-3.2.8.jar:3.2.8]
	at org.apache.ibatis.builder.xml.XMLMapperBuilder.resultMapElement(XMLMapperBuilder.java:279) ~[mybatis-3.2.8.jar:3.2.8]
	at org.apache.ibatis.builder.xml.XMLMapperBuilder.resultMapElement(XMLMapperBuilder.java:251) ~[mybatis-3.2.8.jar:3.2.8]
	at org.apache.ibatis.builder.xml.XMLMapperBuilder.resultMapElements(XMLMapperBuilder.java:243) ~[mybatis-3.2.8.jar:3.2.8]
	at org.apache.ibatis.builder.xml.XMLMapperBuilder.configurationElement(XMLMapperBuilder.java:116) ~[mybatis-3.2.8.jar:3.2.8]
	... 66 common frames omitted
Caused by: org.apache.ibatis.type.TypeException: Could not resolve type alias 'DeviceTypeEnumHandler'.  Cause: java.lang.ClassNotFoundException: Cannot find class: DeviceTypeEnumHandler
	at org.apache.ibatis.type.TypeAliasRegistry.resolveAlias(TypeAliasRegistry.java:117) ~[mybatis-3.2.8.jar:3.2.8]
	at org.apache.ibatis.builder.BaseBuilder.resolveAlias(BaseBuilder.java:130) ~[mybatis-3.2.8.jar:3.2.8]
	at org.apache.ibatis.builder.BaseBuilder.resolveClass(BaseBuilder.java:101) ~[mybatis-3.2.8.jar:3.2.8]
	... 71 common frames omitted
Caused by: java.lang.ClassNotFoundException: Cannot find class: DeviceTypeEnumHandler
	at org.apache.ibatis.io.ClassLoaderWrapper.classForName(ClassLoaderWrapper.java:190) ~[mybatis-3.2.8.jar:3.2.8]
	at org.apache.ibatis.io.ClassLoaderWrapper.classForName(ClassLoaderWrapper.java:89) ~[mybatis-3.2.8.jar:3.2.8]
	at org.apache.ibatis.io.Resources.classForName(Resources.java:256) ~[mybatis-3.2.8.jar:3.2.8]
	at org.apache.ibatis.type.TypeAliasRegistry.resolveAlias(TypeAliasRegistry.java:113) ~[mybatis-3.2.8.jar:3.2.8]
	... 73 common frames omitted
2018-06-01 10:49:20.072 [main] WARN  org.eclipse.jetty.webapp.WebAppContext - Failed startup of context o.e.j.w.WebAppContext@2f112965{/,file:///C:/Users/Administrator/Desktop/%E5%B8%B8%E7%94%A8/mine/FreeMaker/src/main/webapp/,UNAVAILABLE}{file:///C:/Users/Administrator/Desktop/%E5%B8%B8%E7%94%A8/mine/FreeMaker/src/main/webapp/}
javax.servlet.ServletException: controller@25fe639c==org.springframework.web.servlet.DispatcherServlet,jsp=null,order=1,inst=false
	at org.eclipse.jetty.servlet.ServletHolder.initServlet(ServletHolder.java:658) ~[jetty-runner-9.4.6.v20170531.jar:9.4.6.v20170531]
	at org.eclipse.jetty.servlet.ServletHolder.initialize(ServletHolder.java:421) ~[jetty-runner-9.4.6.v20170531.jar:9.4.6.v20170531]
	at org.eclipse.jetty.servlet.ServletHandler.initialize(ServletHandler.java:760) ~[jetty-runner-9.4.6.v20170531.jar:9.4.6.v20170531]
	at org.eclipse.jetty.servlet.ServletContextHandler.startContext(ServletContextHandler.java:348) ~[jetty-runner-9.4.6.v20170531.jar:9.4.6.v20170531]
	at org.eclipse.jetty.webapp.WebAppContext.startWebapp(WebAppContext.java:1501) ~[jetty-runner-9.4.6.v20170531.jar:9.4.6.v20170531]
	at org.eclipse.jetty.webapp.WebAppContext.startContext(WebAppContext.java:1463) ~[jetty-runner-9.4.6.v20170531.jar:9.4.6.v20170531]
	at org.eclipse.jetty.server.handler.ContextHandler.doStart(ContextHandler.java:785) ~[jetty-runner-9.4.6.v20170531.jar:9.4.6.v20170531]
	at org.eclipse.jetty.servlet.ServletContextHandler.doStart(ServletContextHandler.java:261) ~[jetty-runner-9.4.6.v20170531.jar:9.4.6.v20170531]
	at org.eclipse.jetty.webapp.WebAppContext.doStart(WebAppContext.java:545) ~[jetty-runner-9.4.6.v20170531.jar:9.4.6.v20170531]
	at org.eclipse.jetty.util.component.AbstractLifeCycle.start(AbstractLifeCycle.java:68) [jetty-runner-9.4.6.v20170531.jar:9.4.6.v20170531]
	at org.eclipse.jetty.util.component.ContainerLifeCycle.start(ContainerLifeCycle.java:131) [jetty-runner-9.4.6.v20170531.jar:9.4.6.v20170531]
	at org.eclipse.jetty.util.component.ContainerLifeCycle.doStart(ContainerLifeCycle.java:113) [jetty-runner-9.4.6.v20170531.jar:9.4.6.v20170531]
	at org.eclipse.jetty.server.handler.AbstractHandler.doStart(AbstractHandler.java:113) [jetty-runner-9.4.6.v20170531.jar:9.4.6.v20170531]
	at org.eclipse.jetty.server.handler.ContextHandlerCollection.doStart(ContextHandlerCollection.java:167) [jetty-runner-9.4.6.v20170531.jar:9.4.6.v20170531]
	at org.eclipse.jetty.util.component.AbstractLifeCycle.start(AbstractLifeCycle.java:68) [jetty-runner-9.4.6.v20170531.jar:9.4.6.v20170531]
	at org.eclipse.jetty.util.component.ContainerLifeCycle.start(ContainerLifeCycle.java:131) [jetty-runner-9.4.6.v20170531.jar:9.4.6.v20170531]
	at org.eclipse.jetty.util.component.ContainerLifeCycle.doStart(ContainerLifeCycle.java:113) [jetty-runner-9.4.6.v20170531.jar:9.4.6.v20170531]
	at org.eclipse.jetty.server.handler.AbstractHandler.doStart(AbstractHandler.java:113) [jetty-runner-9.4.6.v20170531.jar:9.4.6.v20170531]
	at org.eclipse.jetty.util.component.AbstractLifeCycle.start(AbstractLifeCycle.java:68) [jetty-runner-9.4.6.v20170531.jar:9.4.6.v20170531]
	at org.eclipse.jetty.util.component.ContainerLifeCycle.start(ContainerLifeCycle.java:131) [jetty-runner-9.4.6.v20170531.jar:9.4.6.v20170531]
	at org.eclipse.jetty.server.Server.start(Server.java:452) [jetty-runner-9.4.6.v20170531.jar:9.4.6.v20170531]
	at org.eclipse.jetty.util.component.ContainerLifeCycle.doStart(ContainerLifeCycle.java:105) [jetty-runner-9.4.6.v20170531.jar:9.4.6.v20170531]
	at org.eclipse.jetty.server.handler.AbstractHandler.doStart(AbstractHandler.java:113) [jetty-runner-9.4.6.v20170531.jar:9.4.6.v20170531]
	at org.eclipse.jetty.server.Server.doStart(Server.java:419) [jetty-runner-9.4.6.v20170531.jar:9.4.6.v20170531]
	at org.eclipse.jetty.util.component.AbstractLifeCycle.start(AbstractLifeCycle.java:68) [jetty-runner-9.4.6.v20170531.jar:9.4.6.v20170531]
	at org.eclipse.jetty.runner.Runner.run(Runner.java:518) [jetty-runner-9.4.6.v20170531.jar:9.4.6.v20170531]
	at org.eclipse.jetty.runner.Runner.main(Runner.java:559) [jetty-runner-9.4.6.v20170531.jar:9.4.6.v20170531]
Caused by: org.springframework.beans.factory.BeanCreationException: Error creating bean with name 'tokenDAOImpl': Injection of resource dependencies failed; nested exception is org.springframework.beans.factory.BeanCreationException: Error creating bean with name 'tokenMapper' defined in file [C:\Users\Administrator\Desktop\常用\mine\FreeMaker\target\classes\com\java1234\dal\mapper\main\sys\token\TokenMapper.class]: Invocation of init method failed; nested exception is java.lang.IllegalArgumentException: org.apache.ibatis.builder.BuilderException: Error parsing Mapper XML. Cause: org.apache.ibatis.builder.BuilderException: Error resolving class. Cause: org.apache.ibatis.type.TypeException: Could not resolve type alias 'DeviceTypeEnumHandler'.  Cause: java.lang.ClassNotFoundException: Cannot find class: DeviceTypeEnumHandler
	at org.springframework.context.annotation.CommonAnnotationBeanPostProcessor.postProcessPropertyValues(CommonAnnotationBeanPostProcessor.java:308) ~[spring-context-4.1.3.RELEASE.jar:4.1.3.RELEASE]
	at org.springframework.beans.factory.support.AbstractAutowireCapableBeanFactory.populateBean(AbstractAutowireCapableBeanFactory.java:1202) ~[spring-beans-4.1.3.RELEASE.jar:4.1.3.RELEASE]
	at org.springframework.beans.factory.support.AbstractAutowireCapableBeanFactory.doCreateBean(AbstractAutowireCapableBeanFactory.java:537) ~[spring-beans-4.1.3.RELEASE.jar:4.1.3.RELEASE]
	at org.springframework.beans.factory.support.AbstractAutowireCapableBeanFactory.createBean(AbstractAutowireCapableBeanFactory.java:476) ~[spring-beans-4.1.3.RELEASE.jar:4.1.3.RELEASE]
	at org.springframework.beans.factory.support.AbstractBeanFactory$1.getObject(AbstractBeanFactory.java:302) ~[spring-beans-4.1.3.RELEASE.jar:4.1.3.RELEASE]
	at org.springframework.beans.factory.support.DefaultSingletonBeanRegistry.getSingleton(DefaultSingletonBeanRegistry.java:230) ~[spring-beans-4.1.3.RELEASE.jar:4.1.3.RELEASE]
	at org.springframework.beans.factory.support.AbstractBeanFactory.doGetBean(AbstractBeanFactory.java:298) ~[spring-beans-4.1.3.RELEASE.jar:4.1.3.RELEASE]
	at org.springframework.beans.factory.support.AbstractBeanFactory.getBean(AbstractBeanFactory.java:193) ~[spring-beans-4.1.3.RELEASE.jar:4.1.3.RELEASE]
	at org.springframework.beans.factory.support.DefaultListableBeanFactory.preInstantiateSingletons(DefaultListableBeanFactory.java:762) ~[spring-beans-4.1.3.RELEASE.jar:4.1.3.RELEASE]
	at org.springframework.context.support.AbstractApplicationContext.finishBeanFactoryInitialization(AbstractApplicationContext.java:757) ~[spring-context-4.1.3.RELEASE.jar:4.1.3.RELEASE]
	at org.springframework.context.support.AbstractApplicationContext.refresh(AbstractApplicationContext.java:480) ~[spring-context-4.1.3.RELEASE.jar:4.1.3.RELEASE]
	at org.springframework.web.servlet.FrameworkServlet.configureAndRefreshWebApplicationContext(FrameworkServlet.java:663) ~[spring-webmvc-4.1.3.RELEASE.jar:4.1.3.RELEASE]
	at org.springframework.web.servlet.FrameworkServlet.createWebApplicationContext(FrameworkServlet.java:629) ~[spring-webmvc-4.1.3.RELEASE.jar:4.1.3.RELEASE]
	at org.springframework.web.servlet.FrameworkServlet.createWebApplicationContext(FrameworkServlet.java:677) ~[spring-webmvc-4.1.3.RELEASE.jar:4.1.3.RELEASE]
	at org.springframework.web.servlet.FrameworkServlet.initWebApplicationContext(FrameworkServlet.java:548) ~[spring-webmvc-4.1.3.RELEASE.jar:4.1.3.RELEASE]
	at org.springframework.web.servlet.FrameworkServlet.initServletBean(FrameworkServlet.java:489) ~[spring-webmvc-4.1.3.RELEASE.jar:4.1.3.RELEASE]
	at org.springframework.web.servlet.HttpServletBean.init(HttpServletBean.java:136) ~[spring-webmvc-4.1.3.RELEASE.jar:4.1.3.RELEASE]
	at javax.servlet.GenericServlet.init(GenericServlet.java:244) ~[jetty-runner-9.4.6.v20170531.jar:9.4.6.v20170531]
	at org.eclipse.jetty.servlet.ServletHolder.initServlet(ServletHolder.java:637) ~[jetty-runner-9.4.6.v20170531.jar:9.4.6.v20170531]
	... 26 common frames omitted
Caused by: org.springframework.beans.factory.BeanCreationException: Error creating bean with name 'tokenMapper' defined in file [C:\Users\Administrator\Desktop\常用\mine\FreeMaker\target\classes\com\java1234\dal\mapper\main\sys\token\TokenMapper.class]: Invocation of init method failed; nested exception is java.lang.IllegalArgumentException: org.apache.ibatis.builder.BuilderException: Error parsing Mapper XML. Cause: org.apache.ibatis.builder.BuilderException: Error resolving class. Cause: org.apache.ibatis.type.TypeException: Could not resolve type alias 'DeviceTypeEnumHandler'.  Cause: java.lang.ClassNotFoundException: Cannot find class: DeviceTypeEnumHandler
	at org.springframework.beans.factory.support.AbstractAutowireCapableBeanFactory.initializeBean(AbstractAutowireCapableBeanFactory.java:1566) ~[spring-beans-4.1.3.RELEASE.jar:4.1.3.RELEASE]
	at org.springframework.beans.factory.support.AbstractAutowireCapableBeanFactory.doCreateBean(AbstractAutowireCapableBeanFactory.java:539) ~[spring-beans-4.1.3.RELEASE.jar:4.1.3.RELEASE]
	at org.springframework.beans.factory.support.AbstractAutowireCapableBeanFactory.createBean(AbstractAutowireCapableBeanFactory.java:476) ~[spring-beans-4.1.3.RELEASE.jar:4.1.3.RELEASE]
	at org.springframework.beans.factory.support.AbstractBeanFactory$1.getObject(AbstractBeanFactory.java:302) ~[spring-beans-4.1.3.RELEASE.jar:4.1.3.RELEASE]
	at org.springframework.beans.factory.support.DefaultSingletonBeanRegistry.getSingleton(DefaultSingletonBeanRegistry.java:230) ~[spring-beans-4.1.3.RELEASE.jar:4.1.3.RELEASE]
	at org.springframework.beans.factory.support.AbstractBeanFactory.doGetBean(AbstractBeanFactory.java:298) ~[spring-beans-4.1.3.RELEASE.jar:4.1.3.RELEASE]
	at org.springframework.beans.factory.support.AbstractBeanFactory.getBean(AbstractBeanFactory.java:198) ~[spring-beans-4.1.3.RELEASE.jar:4.1.3.RELEASE]
	at org.springframework.context.annotation.CommonAnnotationBeanPostProcessor.autowireResource(CommonAnnotationBeanPostProcessor.java:458) ~[spring-context-4.1.3.RELEASE.jar:4.1.3.RELEASE]
	at org.springframework.context.annotation.CommonAnnotationBeanPostProcessor.getResource(CommonAnnotationBeanPostProcessor.java:432) ~[spring-context-4.1.3.RELEASE.jar:4.1.3.RELEASE]
	at org.springframework.context.annotation.CommonAnnotationBeanPostProcessor$ResourceElement.getResourceToInject(CommonAnnotationBeanPostProcessor.java:556) ~[spring-context-4.1.3.RELEASE.jar:4.1.3.RELEASE]
	at org.springframework.beans.factory.annotation.InjectionMetadata$InjectedElement.inject(InjectionMetadata.java:155) ~[spring-beans-4.1.3.RELEASE.jar:4.1.3.RELEASE]
	at org.springframework.beans.factory.annotation.InjectionMetadata.inject(InjectionMetadata.java:87) ~[spring-beans-4.1.3.RELEASE.jar:4.1.3.RELEASE]
	at org.springframework.context.annotation.CommonAnnotationBeanPostProcessor.postProcessPropertyValues(CommonAnnotationBeanPostProcessor.java:305) ~[spring-context-4.1.3.RELEASE.jar:4.1.3.RELEASE]
	... 44 common frames omitted
Caused by: java.lang.IllegalArgumentException: org.apache.ibatis.builder.BuilderException: Error parsing Mapper XML. Cause: org.apache.ibatis.builder.BuilderException: Error resolving class. Cause: org.apache.ibatis.type.TypeException: Could not resolve type alias 'DeviceTypeEnumHandler'.  Cause: java.lang.ClassNotFoundException: Cannot find class: DeviceTypeEnumHandler
	at org.mybatis.spring.mapper.MapperFactoryBean.checkDaoConfig(MapperFactoryBean.java:100) ~[mybatis-spring-1.2.2.jar:1.2.2]
	at tk.mybatis.spring.mapper.MapperFactoryBean.checkDaoConfig(MapperFactoryBean.java:51) ~[mapper-3.3.7.jar:na]
	at org.springframework.dao.support.DaoSupport.afterPropertiesSet(DaoSupport.java:44) ~[spring-tx-4.1.3.RELEASE.jar:4.1.3.RELEASE]
	at org.springframework.beans.factory.support.AbstractAutowireCapableBeanFactory.invokeInitMethods(AbstractAutowireCapableBeanFactory.java:1625) ~[spring-beans-4.1.3.RELEASE.jar:4.1.3.RELEASE]
	at org.springframework.beans.factory.support.AbstractAutowireCapableBeanFactory.initializeBean(AbstractAutowireCapableBeanFactory.java:1562) ~[spring-beans-4.1.3.RELEASE.jar:4.1.3.RELEASE]
	... 56 common frames omitted
Caused by: org.apache.ibatis.builder.BuilderException: Error parsing Mapper XML. Cause: org.apache.ibatis.builder.BuilderException: Error resolving class. Cause: org.apache.ibatis.type.TypeException: Could not resolve type alias 'DeviceTypeEnumHandler'.  Cause: java.lang.ClassNotFoundException: Cannot find class: DeviceTypeEnumHandler
	at org.apache.ibatis.builder.xml.XMLMapperBuilder.configurationElement(XMLMapperBuilder.java:120) ~[mybatis-3.2.8.jar:3.2.8]
	at org.apache.ibatis.builder.xml.XMLMapperBuilder.parse(XMLMapperBuilder.java:92) ~[mybatis-3.2.8.jar:3.2.8]
	at org.apache.ibatis.builder.annotation.MapperAnnotationBuilder.loadXmlResource(MapperAnnotationBuilder.java:166) ~[mybatis-3.2.8.jar:3.2.8]
	at org.apache.ibatis.builder.annotation.MapperAnnotationBuilder.parse(MapperAnnotationBuilder.java:118) ~[mybatis-3.2.8.jar:3.2.8]
	at org.apache.ibatis.binding.MapperRegistry.addMapper(MapperRegistry.java:71) ~[mybatis-3.2.8.jar:3.2.8]
	at org.apache.ibatis.session.Configuration.addMapper(Configuration.java:651) ~[mybatis-3.2.8.jar:3.2.8]
	at org.mybatis.spring.mapper.MapperFactoryBean.checkDaoConfig(MapperFactoryBean.java:97) ~[mybatis-spring-1.2.2.jar:1.2.2]
	... 60 common frames omitted
Caused by: org.apache.ibatis.builder.BuilderException: Error resolving class. Cause: org.apache.ibatis.type.TypeException: Could not resolve type alias 'DeviceTypeEnumHandler'.  Cause: java.lang.ClassNotFoundException: Cannot find class: DeviceTypeEnumHandler
	at org.apache.ibatis.builder.BaseBuilder.resolveClass(BaseBuilder.java:103) ~[mybatis-3.2.8.jar:3.2.8]
	at org.apache.ibatis.builder.xml.XMLMapperBuilder.buildResultMappingFromContext(XMLMapperBuilder.java:373) ~[mybatis-3.2.8.jar:3.2.8]
	at org.apache.ibatis.builder.xml.XMLMapperBuilder.resultMapElement(XMLMapperBuilder.java:279) ~[mybatis-3.2.8.jar:3.2.8]
	at org.apache.ibatis.builder.xml.XMLMapperBuilder.resultMapElement(XMLMapperBuilder.java:251) ~[mybatis-3.2.8.jar:3.2.8]
	at org.apache.ibatis.builder.xml.XMLMapperBuilder.resultMapElements(XMLMapperBuilder.java:243) ~[mybatis-3.2.8.jar:3.2.8]
	at org.apache.ibatis.builder.xml.XMLMapperBuilder.configurationElement(XMLMapperBuilder.java:116) ~[mybatis-3.2.8.jar:3.2.8]
	... 66 common frames omitted
Caused by: org.apache.ibatis.type.TypeException: Could not resolve type alias 'DeviceTypeEnumHandler'.  Cause: java.lang.ClassNotFoundException: Cannot find class: DeviceTypeEnumHandler
	at org.apache.ibatis.type.TypeAliasRegistry.resolveAlias(TypeAliasRegistry.java:117) ~[mybatis-3.2.8.jar:3.2.8]
	at org.apache.ibatis.builder.BaseBuilder.resolveAlias(BaseBuilder.java:130) ~[mybatis-3.2.8.jar:3.2.8]
	at org.apache.ibatis.builder.BaseBuilder.resolveClass(BaseBuilder.java:101) ~[mybatis-3.2.8.jar:3.2.8]
	... 71 common frames omitted
Caused by: java.lang.ClassNotFoundException: Cannot find class: DeviceTypeEnumHandler
	at org.apache.ibatis.io.ClassLoaderWrapper.classForName(ClassLoaderWrapper.java:190) ~[mybatis-3.2.8.jar:3.2.8]
	at org.apache.ibatis.io.ClassLoaderWrapper.classForName(ClassLoaderWrapper.java:89) ~[mybatis-3.2.8.jar:3.2.8]
	at org.apache.ibatis.io.Resources.classForName(Resources.java:256) ~[mybatis-3.2.8.jar:3.2.8]
	at org.apache.ibatis.type.TypeAliasRegistry.resolveAlias(TypeAliasRegistry.java:113) ~[mybatis-3.2.8.jar:3.2.8]
	... 73 common frames omitted
2018-06-01 10:49:20.112 [main] INFO  org.eclipse.jetty.server.AbstractConnector - Started ServerConnector@3bd40a57{HTTP/1.1,[http/1.1]}{0.0.0.0:8083}
2018-06-01 10:49:20.112 [main] INFO  org.eclipse.jetty.server.Server - Started @5543ms
