2018-05-31 10:17:18.001 [pool-2-thread-1] INFO  c.j.service.task.impl.CommonTestTaskServiceImpl - task running...
2018-05-31 10:17:18.008 [pool-2-thread-1] INFO  c.j.service.task.impl.CommonTestTaskServiceImpl - 执行common多数据源...
2018-05-31 10:17:18.575 [pool-2-thread-1] INFO  c.j.service.task.impl.CommonTestTaskServiceImpl - false
2018-05-31 10:17:18.575 [pool-2-thread-1] INFO  c.j.service.task.impl.CommonTestTaskServiceImpl - common多数据源配置成功...
2018-05-31 10:17:18.575 [pool-2-thread-1] INFO  c.j.service.task.impl.CommonTestTaskServiceImpl - task successful.
2018-05-31 10:17:21.001 [pool-2-thread-1] INFO  c.j.service.task.impl.CommonTestTaskServiceImpl - task running...
2018-05-31 10:17:21.001 [pool-2-thread-1] INFO  c.j.service.task.impl.CommonTestTaskServiceImpl - 执行common多数据源...
2018-05-31 10:17:21.005 [pool-2-thread-1] INFO  c.j.service.task.impl.CommonTestTaskServiceImpl - false
2018-05-31 10:17:21.005 [pool-2-thread-1] INFO  c.j.service.task.impl.CommonTestTaskServiceImpl - common多数据源配置成功...
2018-05-31 10:17:21.005 [pool-2-thread-1] INFO  c.j.service.task.impl.CommonTestTaskServiceImpl - task successful.
2018-05-31 10:17:24.001 [pool-2-thread-1] INFO  c.j.service.task.impl.CommonTestTaskServiceImpl - task running...
2018-05-31 10:17:24.001 [pool-2-thread-1] INFO  c.j.service.task.impl.CommonTestTaskServiceImpl - 执行common多数据源...
2018-05-31 10:17:24.007 [pool-2-thread-1] INFO  c.j.service.task.impl.CommonTestTaskServiceImpl - false
2018-05-31 10:17:24.007 [pool-2-thread-1] INFO  c.j.service.task.impl.CommonTestTaskServiceImpl - common多数据源配置成功...
2018-05-31 10:17:24.007 [pool-2-thread-1] INFO  c.j.service.task.impl.CommonTestTaskServiceImpl - task successful.
2018-05-31 10:17:27.001 [pool-2-thread-1] INFO  c.j.service.task.impl.CommonTestTaskServiceImpl - task running...
2018-05-31 10:17:27.001 [pool-2-thread-1] INFO  c.j.service.task.impl.CommonTestTaskServiceImpl - 执行common多数据源...
2018-05-31 10:17:27.009 [pool-2-thread-1] INFO  c.j.service.task.impl.CommonTestTaskServiceImpl - false
2018-05-31 10:17:27.009 [pool-2-thread-1] INFO  c.j.service.task.impl.CommonTestTaskServiceImpl - common多数据源配置成功...
2018-05-31 10:17:27.009 [pool-2-thread-1] INFO  c.j.service.task.impl.CommonTestTaskServiceImpl - task successful.
2018-05-31 10:17:30.001 [pool-2-thread-1] INFO  c.j.service.task.impl.CommonTestTaskServiceImpl - task running...
2018-05-31 10:17:30.001 [pool-2-thread-1] INFO  c.j.service.task.impl.CommonTestTaskServiceImpl - 执行common多数据源...
2018-05-31 10:17:30.004 [pool-2-thread-1] INFO  c.j.service.task.impl.CommonTestTaskServiceImpl - false
2018-05-31 10:17:30.004 [pool-2-thread-1] INFO  c.j.service.task.impl.CommonTestTaskServiceImpl - common多数据源配置成功...
2018-05-31 10:17:30.004 [pool-2-thread-1] INFO  c.j.service.task.impl.CommonTestTaskServiceImpl - task successful.
2018-05-31 10:17:33.002 [pool-2-thread-1] INFO  c.j.service.task.impl.CommonTestTaskServiceImpl - task running...
2018-05-31 10:17:33.002 [pool-2-thread-1] INFO  c.j.service.task.impl.CommonTestTaskServiceImpl - 执行common多数据源...
2018-05-31 10:17:33.008 [pool-2-thread-1] INFO  c.j.service.task.impl.CommonTestTaskServiceImpl - false
2018-05-31 10:17:33.008 [pool-2-thread-1] INFO  c.j.service.task.impl.CommonTestTaskServiceImpl - common多数据源配置成功...
2018-05-31 10:17:33.008 [pool-2-thread-1] INFO  c.j.service.task.impl.CommonTestTaskServiceImpl - task successful.
2018-05-31 10:17:36.001 [pool-2-thread-1] INFO  c.j.service.task.impl.CommonTestTaskServiceImpl - task running...
2018-05-31 10:17:36.001 [pool-2-thread-1] INFO  c.j.service.task.impl.CommonTestTaskServiceImpl - 执行common多数据源...
2018-05-31 10:17:36.004 [pool-2-thread-1] INFO  c.j.service.task.impl.CommonTestTaskServiceImpl - false
2018-05-31 10:17:36.004 [pool-2-thread-1] INFO  c.j.service.task.impl.CommonTestTaskServiceImpl - common多数据源配置成功...
2018-05-31 10:17:36.004 [pool-2-thread-1] INFO  c.j.service.task.impl.CommonTestTaskServiceImpl - task successful.
2018-05-31 10:17:39.001 [pool-2-thread-1] INFO  c.j.service.task.impl.CommonTestTaskServiceImpl - task running...
2018-05-31 10:17:39.001 [pool-2-thread-1] INFO  c.j.service.task.impl.CommonTestTaskServiceImpl - 执行common多数据源...
2018-05-31 10:17:39.009 [pool-2-thread-1] INFO  c.j.service.task.impl.CommonTestTaskServiceImpl - false
2018-05-31 10:17:39.009 [pool-2-thread-1] INFO  c.j.service.task.impl.CommonTestTaskServiceImpl - common多数据源配置成功...
2018-05-31 10:17:39.009 [pool-2-thread-1] INFO  c.j.service.task.impl.CommonTestTaskServiceImpl - task successful.
2018-05-31 10:17:42.001 [pool-2-thread-1] INFO  c.j.service.task.impl.CommonTestTaskServiceImpl - task running...
2018-05-31 10:17:42.001 [pool-2-thread-1] INFO  c.j.service.task.impl.CommonTestTaskServiceImpl - 执行common多数据源...
2018-05-31 10:17:42.004 [pool-2-thread-1] INFO  c.j.service.task.impl.CommonTestTaskServiceImpl - false
2018-05-31 10:17:42.004 [pool-2-thread-1] INFO  c.j.service.task.impl.CommonTestTaskServiceImpl - common多数据源配置成功...
2018-05-31 10:17:42.004 [pool-2-thread-1] INFO  c.j.service.task.impl.CommonTestTaskServiceImpl - task successful.
2018-05-31 10:17:45.001 [pool-2-thread-1] INFO  c.j.service.task.impl.CommonTestTaskServiceImpl - task running...
2018-05-31 10:17:45.001 [pool-2-thread-1] INFO  c.j.service.task.impl.CommonTestTaskServiceImpl - 执行common多数据源...
2018-05-31 10:17:45.005 [pool-2-thread-1] INFO  c.j.service.task.impl.CommonTestTaskServiceImpl - false
2018-05-31 10:17:45.005 [pool-2-thread-1] INFO  c.j.service.task.impl.CommonTestTaskServiceImpl - common多数据源配置成功...
2018-05-31 10:17:45.005 [pool-2-thread-1] INFO  c.j.service.task.impl.CommonTestTaskServiceImpl - task successful.
2018-05-31 10:17:48.001 [pool-2-thread-1] INFO  c.j.service.task.impl.CommonTestTaskServiceImpl - task running...
2018-05-31 10:17:48.001 [pool-2-thread-1] INFO  c.j.service.task.impl.CommonTestTaskServiceImpl - 执行common多数据源...
2018-05-31 10:17:48.005 [pool-2-thread-1] INFO  c.j.service.task.impl.CommonTestTaskServiceImpl - false
2018-05-31 10:17:48.005 [pool-2-thread-1] INFO  c.j.service.task.impl.CommonTestTaskServiceImpl - common多数据源配置成功...
2018-05-31 10:17:48.005 [pool-2-thread-1] INFO  c.j.service.task.impl.CommonTestTaskServiceImpl - task successful.
2018-05-31 10:17:51.001 [pool-2-thread-1] INFO  c.j.service.task.impl.CommonTestTaskServiceImpl - task running...
2018-05-31 10:17:51.001 [pool-2-thread-1] INFO  c.j.service.task.impl.CommonTestTaskServiceImpl - 执行common多数据源...
2018-05-31 10:17:51.003 [pool-2-thread-1] INFO  c.j.service.task.impl.CommonTestTaskServiceImpl - false
2018-05-31 10:17:51.003 [pool-2-thread-1] INFO  c.j.service.task.impl.CommonTestTaskServiceImpl - common多数据源配置成功...
2018-05-31 10:17:51.004 [pool-2-thread-1] INFO  c.j.service.task.impl.CommonTestTaskServiceImpl - task successful.
2018-05-31 10:17:54.001 [pool-2-thread-1] INFO  c.j.service.task.impl.CommonTestTaskServiceImpl - task running...
2018-05-31 10:17:54.001 [pool-2-thread-1] INFO  c.j.service.task.impl.CommonTestTaskServiceImpl - 执行common多数据源...
2018-05-31 10:17:54.004 [pool-2-thread-1] INFO  c.j.service.task.impl.CommonTestTaskServiceImpl - false
2018-05-31 10:17:54.004 [pool-2-thread-1] INFO  c.j.service.task.impl.CommonTestTaskServiceImpl - common多数据源配置成功...
2018-05-31 10:17:54.004 [pool-2-thread-1] INFO  c.j.service.task.impl.CommonTestTaskServiceImpl - task successful.
2018-05-31 10:17:57.001 [pool-2-thread-1] INFO  c.j.service.task.impl.CommonTestTaskServiceImpl - task running...
2018-05-31 10:17:57.001 [pool-2-thread-1] INFO  c.j.service.task.impl.CommonTestTaskServiceImpl - 执行common多数据源...
2018-05-31 10:17:57.004 [pool-2-thread-1] INFO  c.j.service.task.impl.CommonTestTaskServiceImpl - false
2018-05-31 10:17:57.004 [pool-2-thread-1] INFO  c.j.service.task.impl.CommonTestTaskServiceImpl - common多数据源配置成功...
2018-05-31 10:17:57.004 [pool-2-thread-1] INFO  c.j.service.task.impl.CommonTestTaskServiceImpl - task successful.
2018-05-31 10:18:00.001 [pool-2-thread-1] INFO  c.j.service.task.impl.CommonTestTaskServiceImpl - task running...
2018-05-31 10:18:00.001 [pool-2-thread-1] INFO  c.j.service.task.impl.CommonTestTaskServiceImpl - 执行common多数据源...
2018-05-31 10:18:00.015 [pool-2-thread-1] INFO  c.j.service.task.impl.CommonTestTaskServiceImpl - false
2018-05-31 10:18:00.015 [pool-2-thread-1] INFO  c.j.service.task.impl.CommonTestTaskServiceImpl - common多数据源配置成功...
2018-05-31 10:18:00.015 [pool-2-thread-1] INFO  c.j.service.task.impl.CommonTestTaskServiceImpl - task successful.
2018-05-31 10:18:03.001 [pool-2-thread-1] INFO  c.j.service.task.impl.CommonTestTaskServiceImpl - task running...
2018-05-31 10:18:03.001 [pool-2-thread-1] INFO  c.j.service.task.impl.CommonTestTaskServiceImpl - 执行common多数据源...
2018-05-31 10:18:03.007 [pool-2-thread-1] INFO  c.j.service.task.impl.CommonTestTaskServiceImpl - false
2018-05-31 10:18:03.007 [pool-2-thread-1] INFO  c.j.service.task.impl.CommonTestTaskServiceImpl - common多数据源配置成功...
2018-05-31 10:18:03.007 [pool-2-thread-1] INFO  c.j.service.task.impl.CommonTestTaskServiceImpl - task successful.
2018-05-31 10:18:06.001 [pool-2-thread-1] INFO  c.j.service.task.impl.CommonTestTaskServiceImpl - task running...
2018-05-31 10:18:06.001 [pool-2-thread-1] INFO  c.j.service.task.impl.CommonTestTaskServiceImpl - 执行common多数据源...
2018-05-31 10:18:06.005 [pool-2-thread-1] INFO  c.j.service.task.impl.CommonTestTaskServiceImpl - false
2018-05-31 10:18:06.005 [pool-2-thread-1] INFO  c.j.service.task.impl.CommonTestTaskServiceImpl - common多数据源配置成功...
2018-05-31 10:18:06.005 [pool-2-thread-1] INFO  c.j.service.task.impl.CommonTestTaskServiceImpl - task successful.
2018-05-31 10:18:09.001 [pool-2-thread-1] INFO  c.j.service.task.impl.CommonTestTaskServiceImpl - task running...
2018-05-31 10:18:09.001 [pool-2-thread-1] INFO  c.j.service.task.impl.CommonTestTaskServiceImpl - 执行common多数据源...
2018-05-31 10:18:09.004 [pool-2-thread-1] INFO  c.j.service.task.impl.CommonTestTaskServiceImpl - false
2018-05-31 10:18:09.004 [pool-2-thread-1] INFO  c.j.service.task.impl.CommonTestTaskServiceImpl - common多数据源配置成功...
2018-05-31 10:18:09.004 [pool-2-thread-1] INFO  c.j.service.task.impl.CommonTestTaskServiceImpl - task successful.
2018-05-31 10:18:12.001 [pool-2-thread-1] INFO  c.j.service.task.impl.CommonTestTaskServiceImpl - task running...
2018-05-31 10:18:12.001 [pool-2-thread-1] INFO  c.j.service.task.impl.CommonTestTaskServiceImpl - 执行common多数据源...
2018-05-31 10:18:12.003 [pool-2-thread-1] INFO  c.j.service.task.impl.CommonTestTaskServiceImpl - false
2018-05-31 10:18:12.003 [pool-2-thread-1] INFO  c.j.service.task.impl.CommonTestTaskServiceImpl - common多数据源配置成功...
2018-05-31 10:18:12.003 [pool-2-thread-1] INFO  c.j.service.task.impl.CommonTestTaskServiceImpl - task successful.
2018-05-31 10:18:15.001 [pool-2-thread-1] INFO  c.j.service.task.impl.CommonTestTaskServiceImpl - task running...
2018-05-31 10:18:15.001 [pool-2-thread-1] INFO  c.j.service.task.impl.CommonTestTaskServiceImpl - 执行common多数据源...
2018-05-31 10:18:15.004 [pool-2-thread-1] INFO  c.j.service.task.impl.CommonTestTaskServiceImpl - false
2018-05-31 10:18:15.004 [pool-2-thread-1] INFO  c.j.service.task.impl.CommonTestTaskServiceImpl - common多数据源配置成功...
2018-05-31 10:18:15.004 [pool-2-thread-1] INFO  c.j.service.task.impl.CommonTestTaskServiceImpl - task successful.
2018-05-31 10:18:18.001 [pool-2-thread-1] INFO  c.j.service.task.impl.CommonTestTaskServiceImpl - task running...
2018-05-31 10:18:18.001 [pool-2-thread-1] INFO  c.j.service.task.impl.CommonTestTaskServiceImpl - 执行common多数据源...
2018-05-31 10:18:18.004 [pool-2-thread-1] INFO  c.j.service.task.impl.CommonTestTaskServiceImpl - false
2018-05-31 10:18:18.004 [pool-2-thread-1] INFO  c.j.service.task.impl.CommonTestTaskServiceImpl - common多数据源配置成功...
2018-05-31 10:18:18.004 [pool-2-thread-1] INFO  c.j.service.task.impl.CommonTestTaskServiceImpl - task successful.
2018-05-31 10:18:21.001 [pool-2-thread-1] INFO  c.j.service.task.impl.CommonTestTaskServiceImpl - task running...
2018-05-31 10:18:21.001 [pool-2-thread-1] INFO  c.j.service.task.impl.CommonTestTaskServiceImpl - 执行common多数据源...
2018-05-31 10:18:21.004 [pool-2-thread-1] INFO  c.j.service.task.impl.CommonTestTaskServiceImpl - false
2018-05-31 10:18:21.004 [pool-2-thread-1] INFO  c.j.service.task.impl.CommonTestTaskServiceImpl - common多数据源配置成功...
2018-05-31 10:18:21.004 [pool-2-thread-1] INFO  c.j.service.task.impl.CommonTestTaskServiceImpl - task successful.
2018-05-31 10:18:24.001 [pool-2-thread-1] INFO  c.j.service.task.impl.CommonTestTaskServiceImpl - task running...
2018-05-31 10:18:24.001 [pool-2-thread-1] INFO  c.j.service.task.impl.CommonTestTaskServiceImpl - 执行common多数据源...
2018-05-31 10:18:24.003 [pool-2-thread-1] INFO  c.j.service.task.impl.CommonTestTaskServiceImpl - false
2018-05-31 10:18:24.003 [pool-2-thread-1] INFO  c.j.service.task.impl.CommonTestTaskServiceImpl - common多数据源配置成功...
2018-05-31 10:18:24.003 [pool-2-thread-1] INFO  c.j.service.task.impl.CommonTestTaskServiceImpl - task successful.
2018-05-31 10:18:27.001 [pool-2-thread-1] INFO  c.j.service.task.impl.CommonTestTaskServiceImpl - task running...
2018-05-31 10:18:27.001 [pool-2-thread-1] INFO  c.j.service.task.impl.CommonTestTaskServiceImpl - 执行common多数据源...
2018-05-31 10:18:27.004 [pool-2-thread-1] INFO  c.j.service.task.impl.CommonTestTaskServiceImpl - false
2018-05-31 10:18:27.004 [pool-2-thread-1] INFO  c.j.service.task.impl.CommonTestTaskServiceImpl - common多数据源配置成功...
2018-05-31 10:18:27.004 [pool-2-thread-1] INFO  c.j.service.task.impl.CommonTestTaskServiceImpl - task successful.
2018-05-31 10:18:30.001 [pool-2-thread-1] INFO  c.j.service.task.impl.CommonTestTaskServiceImpl - task running...
2018-05-31 10:18:30.001 [pool-2-thread-1] INFO  c.j.service.task.impl.CommonTestTaskServiceImpl - 执行common多数据源...
2018-05-31 10:18:30.004 [pool-2-thread-1] INFO  c.j.service.task.impl.CommonTestTaskServiceImpl - false
2018-05-31 10:18:30.004 [pool-2-thread-1] INFO  c.j.service.task.impl.CommonTestTaskServiceImpl - common多数据源配置成功...
2018-05-31 10:18:30.004 [pool-2-thread-1] INFO  c.j.service.task.impl.CommonTestTaskServiceImpl - task successful.
2018-05-31 10:18:33.001 [pool-2-thread-1] INFO  c.j.service.task.impl.CommonTestTaskServiceImpl - task running...
2018-05-31 10:18:33.001 [pool-2-thread-1] INFO  c.j.service.task.impl.CommonTestTaskServiceImpl - 执行common多数据源...
2018-05-31 10:18:33.004 [pool-2-thread-1] INFO  c.j.service.task.impl.CommonTestTaskServiceImpl - false
2018-05-31 10:18:33.004 [pool-2-thread-1] INFO  c.j.service.task.impl.CommonTestTaskServiceImpl - common多数据源配置成功...
2018-05-31 10:18:33.004 [pool-2-thread-1] INFO  c.j.service.task.impl.CommonTestTaskServiceImpl - task successful.
2018-05-31 10:18:36.031 [pool-2-thread-1] INFO  c.j.service.task.impl.CommonTestTaskServiceImpl - task running...
2018-05-31 10:18:36.031 [pool-2-thread-1] INFO  c.j.service.task.impl.CommonTestTaskServiceImpl - 执行common多数据源...
2018-05-31 10:18:36.037 [pool-2-thread-1] INFO  c.j.service.task.impl.CommonTestTaskServiceImpl - false
2018-05-31 10:18:36.037 [pool-2-thread-1] INFO  c.j.service.task.impl.CommonTestTaskServiceImpl - common多数据源配置成功...
2018-05-31 10:18:36.037 [pool-2-thread-1] INFO  c.j.service.task.impl.CommonTestTaskServiceImpl - task successful.
2018-05-31 10:18:39.001 [pool-2-thread-1] INFO  c.j.service.task.impl.CommonTestTaskServiceImpl - task running...
2018-05-31 10:18:39.001 [pool-2-thread-1] INFO  c.j.service.task.impl.CommonTestTaskServiceImpl - 执行common多数据源...
2018-05-31 10:18:39.004 [pool-2-thread-1] INFO  c.j.service.task.impl.CommonTestTaskServiceImpl - false
2018-05-31 10:18:39.004 [pool-2-thread-1] INFO  c.j.service.task.impl.CommonTestTaskServiceImpl - common多数据源配置成功...
2018-05-31 10:18:39.004 [pool-2-thread-1] INFO  c.j.service.task.impl.CommonTestTaskServiceImpl - task successful.
2018-05-31 10:18:42.001 [pool-2-thread-1] INFO  c.j.service.task.impl.CommonTestTaskServiceImpl - task running...
2018-05-31 10:18:42.001 [pool-2-thread-1] INFO  c.j.service.task.impl.CommonTestTaskServiceImpl - 执行common多数据源...
2018-05-31 10:18:42.003 [pool-2-thread-1] INFO  c.j.service.task.impl.CommonTestTaskServiceImpl - false
2018-05-31 10:18:42.003 [pool-2-thread-1] INFO  c.j.service.task.impl.CommonTestTaskServiceImpl - common多数据源配置成功...
2018-05-31 10:18:42.003 [pool-2-thread-1] INFO  c.j.service.task.impl.CommonTestTaskServiceImpl - task successful.
2018-05-31 10:18:45.017 [pool-2-thread-1] INFO  c.j.service.task.impl.CommonTestTaskServiceImpl - task running...
2018-05-31 10:18:45.017 [pool-2-thread-1] INFO  c.j.service.task.impl.CommonTestTaskServiceImpl - 执行common多数据源...
2018-05-31 10:18:45.027 [pool-2-thread-1] INFO  c.j.service.task.impl.CommonTestTaskServiceImpl - false
2018-05-31 10:18:45.027 [pool-2-thread-1] INFO  c.j.service.task.impl.CommonTestTaskServiceImpl - common多数据源配置成功...
2018-05-31 10:18:45.027 [pool-2-thread-1] INFO  c.j.service.task.impl.CommonTestTaskServiceImpl - task successful.
2018-05-31 10:18:48.002 [pool-2-thread-1] INFO  c.j.service.task.impl.CommonTestTaskServiceImpl - task running...
2018-05-31 10:18:48.002 [pool-2-thread-1] INFO  c.j.service.task.impl.CommonTestTaskServiceImpl - 执行common多数据源...
2018-05-31 10:18:48.005 [pool-2-thread-1] INFO  c.j.service.task.impl.CommonTestTaskServiceImpl - false
2018-05-31 10:18:48.005 [pool-2-thread-1] INFO  c.j.service.task.impl.CommonTestTaskServiceImpl - common多数据源配置成功...
2018-05-31 10:18:48.005 [pool-2-thread-1] INFO  c.j.service.task.impl.CommonTestTaskServiceImpl - task successful.
2018-05-31 10:18:51.001 [pool-2-thread-1] INFO  c.j.service.task.impl.CommonTestTaskServiceImpl - task running...
2018-05-31 10:18:51.001 [pool-2-thread-1] INFO  c.j.service.task.impl.CommonTestTaskServiceImpl - 执行common多数据源...
2018-05-31 10:18:51.004 [pool-2-thread-1] INFO  c.j.service.task.impl.CommonTestTaskServiceImpl - false
2018-05-31 10:18:51.005 [pool-2-thread-1] INFO  c.j.service.task.impl.CommonTestTaskServiceImpl - common多数据源配置成功...
2018-05-31 10:18:51.005 [pool-2-thread-1] INFO  c.j.service.task.impl.CommonTestTaskServiceImpl - task successful.
2018-05-31 10:18:54.001 [pool-2-thread-1] INFO  c.j.service.task.impl.CommonTestTaskServiceImpl - task running...
2018-05-31 10:18:54.001 [pool-2-thread-1] INFO  c.j.service.task.impl.CommonTestTaskServiceImpl - 执行common多数据源...
2018-05-31 10:18:54.004 [pool-2-thread-1] INFO  c.j.service.task.impl.CommonTestTaskServiceImpl - false
2018-05-31 10:18:54.004 [pool-2-thread-1] INFO  c.j.service.task.impl.CommonTestTaskServiceImpl - common多数据源配置成功...
2018-05-31 10:18:54.004 [pool-2-thread-1] INFO  c.j.service.task.impl.CommonTestTaskServiceImpl - task successful.
2018-05-31 10:18:57.001 [pool-2-thread-1] INFO  c.j.service.task.impl.CommonTestTaskServiceImpl - task running...
2018-05-31 10:18:57.001 [pool-2-thread-1] INFO  c.j.service.task.impl.CommonTestTaskServiceImpl - 执行common多数据源...
2018-05-31 10:18:57.003 [pool-2-thread-1] INFO  c.j.service.task.impl.CommonTestTaskServiceImpl - false
2018-05-31 10:18:57.003 [pool-2-thread-1] INFO  c.j.service.task.impl.CommonTestTaskServiceImpl - common多数据源配置成功...
2018-05-31 10:18:57.003 [pool-2-thread-1] INFO  c.j.service.task.impl.CommonTestTaskServiceImpl - task successful.
2018-05-31 10:19:00.002 [pool-2-thread-1] INFO  c.j.service.task.impl.CommonTestTaskServiceImpl - task running...
2018-05-31 10:19:00.002 [pool-2-thread-1] INFO  c.j.service.task.impl.CommonTestTaskServiceImpl - 执行common多数据源...
2018-05-31 10:19:00.004 [pool-2-thread-1] INFO  c.j.service.task.impl.CommonTestTaskServiceImpl - false
2018-05-31 10:19:00.005 [pool-2-thread-1] INFO  c.j.service.task.impl.CommonTestTaskServiceImpl - common多数据源配置成功...
2018-05-31 10:19:00.005 [pool-2-thread-1] INFO  c.j.service.task.impl.CommonTestTaskServiceImpl - task successful.
2018-05-31 10:19:03.001 [pool-2-thread-1] INFO  c.j.service.task.impl.CommonTestTaskServiceImpl - task running...
2018-05-31 10:19:03.001 [pool-2-thread-1] INFO  c.j.service.task.impl.CommonTestTaskServiceImpl - 执行common多数据源...
2018-05-31 10:19:03.004 [pool-2-thread-1] INFO  c.j.service.task.impl.CommonTestTaskServiceImpl - false
2018-05-31 10:19:03.004 [pool-2-thread-1] INFO  c.j.service.task.impl.CommonTestTaskServiceImpl - common多数据源配置成功...
2018-05-31 10:19:03.004 [pool-2-thread-1] INFO  c.j.service.task.impl.CommonTestTaskServiceImpl - task successful.
2018-05-31 10:19:06.001 [pool-2-thread-1] INFO  c.j.service.task.impl.CommonTestTaskServiceImpl - task running...
2018-05-31 10:19:06.001 [pool-2-thread-1] INFO  c.j.service.task.impl.CommonTestTaskServiceImpl - 执行common多数据源...
2018-05-31 10:19:06.003 [pool-2-thread-1] INFO  c.j.service.task.impl.CommonTestTaskServiceImpl - false
2018-05-31 10:19:06.003 [pool-2-thread-1] INFO  c.j.service.task.impl.CommonTestTaskServiceImpl - common多数据源配置成功...
2018-05-31 10:19:06.003 [pool-2-thread-1] INFO  c.j.service.task.impl.CommonTestTaskServiceImpl - task successful.
2018-05-31 10:19:09.001 [pool-2-thread-1] INFO  c.j.service.task.impl.CommonTestTaskServiceImpl - task running...
2018-05-31 10:19:09.001 [pool-2-thread-1] INFO  c.j.service.task.impl.CommonTestTaskServiceImpl - 执行common多数据源...
2018-05-31 10:19:09.004 [pool-2-thread-1] INFO  c.j.service.task.impl.CommonTestTaskServiceImpl - false
2018-05-31 10:19:09.004 [pool-2-thread-1] INFO  c.j.service.task.impl.CommonTestTaskServiceImpl - common多数据源配置成功...
2018-05-31 10:19:09.004 [pool-2-thread-1] INFO  c.j.service.task.impl.CommonTestTaskServiceImpl - task successful.
2018-05-31 10:19:12.001 [pool-2-thread-1] INFO  c.j.service.task.impl.CommonTestTaskServiceImpl - task running...
2018-05-31 10:19:12.001 [pool-2-thread-1] INFO  c.j.service.task.impl.CommonTestTaskServiceImpl - 执行common多数据源...
2018-05-31 10:19:12.003 [pool-2-thread-1] INFO  c.j.service.task.impl.CommonTestTaskServiceImpl - false
2018-05-31 10:19:12.003 [pool-2-thread-1] INFO  c.j.service.task.impl.CommonTestTaskServiceImpl - common多数据源配置成功...
2018-05-31 10:19:12.003 [pool-2-thread-1] INFO  c.j.service.task.impl.CommonTestTaskServiceImpl - task successful.
2018-05-31 10:19:15.002 [pool-2-thread-1] INFO  c.j.service.task.impl.CommonTestTaskServiceImpl - task running...
2018-05-31 10:19:15.002 [pool-2-thread-1] INFO  c.j.service.task.impl.CommonTestTaskServiceImpl - 执行common多数据源...
2018-05-31 10:19:15.005 [pool-2-thread-1] INFO  c.j.service.task.impl.CommonTestTaskServiceImpl - false
2018-05-31 10:19:15.005 [pool-2-thread-1] INFO  c.j.service.task.impl.CommonTestTaskServiceImpl - common多数据源配置成功...
2018-05-31 10:19:15.005 [pool-2-thread-1] INFO  c.j.service.task.impl.CommonTestTaskServiceImpl - task successful.
2018-05-31 10:19:18.001 [pool-2-thread-1] INFO  c.j.service.task.impl.CommonTestTaskServiceImpl - task running...
2018-05-31 10:19:18.001 [pool-2-thread-1] INFO  c.j.service.task.impl.CommonTestTaskServiceImpl - 执行common多数据源...
2018-05-31 10:19:18.003 [pool-2-thread-1] INFO  c.j.service.task.impl.CommonTestTaskServiceImpl - false
2018-05-31 10:19:18.003 [pool-2-thread-1] INFO  c.j.service.task.impl.CommonTestTaskServiceImpl - common多数据源配置成功...
2018-05-31 10:19:18.003 [pool-2-thread-1] INFO  c.j.service.task.impl.CommonTestTaskServiceImpl - task successful.
2018-05-31 10:19:30.001 [pool-1-thread-1] INFO  c.j.service.task.impl.CommonTestTaskServiceImpl - task running...
2018-05-31 10:19:30.001 [pool-1-thread-1] INFO  c.j.service.task.impl.CommonTestTaskServiceImpl - 执行common多数据源...
2018-05-31 10:19:30.699 [pool-1-thread-1] INFO  c.j.service.task.impl.CommonTestTaskServiceImpl - false
2018-05-31 10:19:30.700 [pool-1-thread-1] INFO  c.j.service.task.impl.CommonTestTaskServiceImpl - common多数据源配置成功...
2018-05-31 10:19:30.700 [pool-1-thread-1] INFO  c.j.service.task.impl.CommonTestTaskServiceImpl - task successful.
2018-05-31 10:19:33.058 [pool-1-thread-1] INFO  c.j.service.task.impl.CommonTestTaskServiceImpl - task running...
2018-05-31 10:19:33.058 [pool-1-thread-1] INFO  c.j.service.task.impl.CommonTestTaskServiceImpl - 执行common多数据源...
2018-05-31 10:19:33.132 [pool-1-thread-1] INFO  c.j.service.task.impl.CommonTestTaskServiceImpl - false
2018-05-31 10:19:33.132 [pool-1-thread-1] INFO  c.j.service.task.impl.CommonTestTaskServiceImpl - common多数据源配置成功...
2018-05-31 10:19:33.132 [pool-1-thread-1] INFO  c.j.service.task.impl.CommonTestTaskServiceImpl - task successful.
2018-05-31 10:19:36.001 [pool-1-thread-1] INFO  c.j.service.task.impl.CommonTestTaskServiceImpl - task running...
2018-05-31 10:19:36.001 [pool-1-thread-1] INFO  c.j.service.task.impl.CommonTestTaskServiceImpl - 执行common多数据源...
2018-05-31 10:19:36.004 [pool-1-thread-1] INFO  c.j.service.task.impl.CommonTestTaskServiceImpl - false
2018-05-31 10:19:36.004 [pool-1-thread-1] INFO  c.j.service.task.impl.CommonTestTaskServiceImpl - common多数据源配置成功...
2018-05-31 10:19:36.004 [pool-1-thread-1] INFO  c.j.service.task.impl.CommonTestTaskServiceImpl - task successful.
2018-05-31 10:19:39.001 [pool-1-thread-1] INFO  c.j.service.task.impl.CommonTestTaskServiceImpl - task running...
2018-05-31 10:19:39.001 [pool-1-thread-1] INFO  c.j.service.task.impl.CommonTestTaskServiceImpl - 执行common多数据源...
2018-05-31 10:19:39.004 [pool-1-thread-1] INFO  c.j.service.task.impl.CommonTestTaskServiceImpl - false
2018-05-31 10:19:39.004 [pool-1-thread-1] INFO  c.j.service.task.impl.CommonTestTaskServiceImpl - common多数据源配置成功...
2018-05-31 10:19:39.005 [pool-1-thread-1] INFO  c.j.service.task.impl.CommonTestTaskServiceImpl - task successful.
2018-05-31 10:19:42.006 [pool-1-thread-1] INFO  c.j.service.task.impl.CommonTestTaskServiceImpl - task running...
2018-05-31 10:19:42.006 [pool-1-thread-1] INFO  c.j.service.task.impl.CommonTestTaskServiceImpl - 执行common多数据源...
2018-05-31 10:19:42.009 [pool-1-thread-1] INFO  c.j.service.task.impl.CommonTestTaskServiceImpl - false
2018-05-31 10:19:42.009 [pool-1-thread-1] INFO  c.j.service.task.impl.CommonTestTaskServiceImpl - common多数据源配置成功...
2018-05-31 10:19:42.009 [pool-1-thread-1] INFO  c.j.service.task.impl.CommonTestTaskServiceImpl - task successful.
2018-05-31 10:19:45.001 [pool-1-thread-1] INFO  c.j.service.task.impl.CommonTestTaskServiceImpl - task running...
2018-05-31 10:19:45.001 [pool-1-thread-1] INFO  c.j.service.task.impl.CommonTestTaskServiceImpl - 执行common多数据源...
2018-05-31 10:19:45.004 [pool-1-thread-1] INFO  c.j.service.task.impl.CommonTestTaskServiceImpl - false
2018-05-31 10:19:45.004 [pool-1-thread-1] INFO  c.j.service.task.impl.CommonTestTaskServiceImpl - common多数据源配置成功...
2018-05-31 10:19:45.004 [pool-1-thread-1] INFO  c.j.service.task.impl.CommonTestTaskServiceImpl - task successful.
2018-05-31 10:19:48.001 [pool-1-thread-1] INFO  c.j.service.task.impl.CommonTestTaskServiceImpl - task running...
2018-05-31 10:19:48.001 [pool-1-thread-1] INFO  c.j.service.task.impl.CommonTestTaskServiceImpl - 执行common多数据源...
2018-05-31 10:19:48.004 [pool-1-thread-1] INFO  c.j.service.task.impl.CommonTestTaskServiceImpl - false
2018-05-31 10:19:48.004 [pool-1-thread-1] INFO  c.j.service.task.impl.CommonTestTaskServiceImpl - common多数据源配置成功...
2018-05-31 10:19:48.004 [pool-1-thread-1] INFO  c.j.service.task.impl.CommonTestTaskServiceImpl - task successful.
2018-05-31 10:19:51.001 [pool-1-thread-1] INFO  c.j.service.task.impl.CommonTestTaskServiceImpl - task running...
2018-05-31 10:19:51.001 [pool-1-thread-1] INFO  c.j.service.task.impl.CommonTestTaskServiceImpl - 执行common多数据源...
2018-05-31 10:19:51.005 [pool-1-thread-1] INFO  c.j.service.task.impl.CommonTestTaskServiceImpl - false
2018-05-31 10:19:51.005 [pool-1-thread-1] INFO  c.j.service.task.impl.CommonTestTaskServiceImpl - common多数据源配置成功...
2018-05-31 10:19:51.005 [pool-1-thread-1] INFO  c.j.service.task.impl.CommonTestTaskServiceImpl - task successful.
2018-05-31 10:19:54.005 [pool-1-thread-1] INFO  c.j.service.task.impl.CommonTestTaskServiceImpl - task running...
2018-05-31 10:19:54.005 [pool-1-thread-1] INFO  c.j.service.task.impl.CommonTestTaskServiceImpl - 执行common多数据源...
2018-05-31 10:19:54.012 [pool-1-thread-1] INFO  c.j.service.task.impl.CommonTestTaskServiceImpl - false
2018-05-31 10:19:54.012 [pool-1-thread-1] INFO  c.j.service.task.impl.CommonTestTaskServiceImpl - common多数据源配置成功...
2018-05-31 10:19:54.012 [pool-1-thread-1] INFO  c.j.service.task.impl.CommonTestTaskServiceImpl - task successful.
2018-05-31 10:19:57.001 [pool-1-thread-1] INFO  c.j.service.task.impl.CommonTestTaskServiceImpl - task running...
2018-05-31 10:19:57.001 [pool-1-thread-1] INFO  c.j.service.task.impl.CommonTestTaskServiceImpl - 执行common多数据源...
2018-05-31 10:19:57.004 [pool-1-thread-1] INFO  c.j.service.task.impl.CommonTestTaskServiceImpl - false
2018-05-31 10:19:57.004 [pool-1-thread-1] INFO  c.j.service.task.impl.CommonTestTaskServiceImpl - common多数据源配置成功...
2018-05-31 10:19:57.004 [pool-1-thread-1] INFO  c.j.service.task.impl.CommonTestTaskServiceImpl - task successful.
2018-05-31 10:20:00.001 [pool-1-thread-1] INFO  c.j.service.task.impl.CommonTestTaskServiceImpl - task running...
2018-05-31 10:20:00.001 [pool-1-thread-1] INFO  c.j.service.task.impl.CommonTestTaskServiceImpl - 执行common多数据源...
2018-05-31 10:20:00.004 [pool-1-thread-1] INFO  c.j.service.task.impl.CommonTestTaskServiceImpl - false
2018-05-31 10:20:00.005 [pool-1-thread-1] INFO  c.j.service.task.impl.CommonTestTaskServiceImpl - common多数据源配置成功...
2018-05-31 10:20:00.005 [pool-1-thread-1] INFO  c.j.service.task.impl.CommonTestTaskServiceImpl - task successful.
2018-05-31 10:20:03.001 [pool-1-thread-1] INFO  c.j.service.task.impl.CommonTestTaskServiceImpl - task running...
2018-05-31 10:20:03.001 [pool-1-thread-1] INFO  c.j.service.task.impl.CommonTestTaskServiceImpl - 执行common多数据源...
2018-05-31 10:20:03.005 [pool-1-thread-1] INFO  c.j.service.task.impl.CommonTestTaskServiceImpl - false
2018-05-31 10:20:03.005 [pool-1-thread-1] INFO  c.j.service.task.impl.CommonTestTaskServiceImpl - common多数据源配置成功...
2018-05-31 10:20:03.005 [pool-1-thread-1] INFO  c.j.service.task.impl.CommonTestTaskServiceImpl - task successful.
2018-05-31 10:20:06.001 [pool-1-thread-1] INFO  c.j.service.task.impl.CommonTestTaskServiceImpl - task running...
2018-05-31 10:20:06.001 [pool-1-thread-1] INFO  c.j.service.task.impl.CommonTestTaskServiceImpl - 执行common多数据源...
2018-05-31 10:20:06.004 [pool-1-thread-1] INFO  c.j.service.task.impl.CommonTestTaskServiceImpl - false
2018-05-31 10:20:06.004 [pool-1-thread-1] INFO  c.j.service.task.impl.CommonTestTaskServiceImpl - common多数据源配置成功...
2018-05-31 10:20:06.004 [pool-1-thread-1] INFO  c.j.service.task.impl.CommonTestTaskServiceImpl - task successful.
2018-05-31 10:20:09.001 [pool-1-thread-1] INFO  c.j.service.task.impl.CommonTestTaskServiceImpl - task running...
2018-05-31 10:20:09.001 [pool-1-thread-1] INFO  c.j.service.task.impl.CommonTestTaskServiceImpl - 执行common多数据源...
2018-05-31 10:20:09.004 [pool-1-thread-1] INFO  c.j.service.task.impl.CommonTestTaskServiceImpl - false
2018-05-31 10:20:09.004 [pool-1-thread-1] INFO  c.j.service.task.impl.CommonTestTaskServiceImpl - common多数据源配置成功...
2018-05-31 10:20:09.004 [pool-1-thread-1] INFO  c.j.service.task.impl.CommonTestTaskServiceImpl - task successful.
2018-05-31 10:20:12.001 [pool-1-thread-1] INFO  c.j.service.task.impl.CommonTestTaskServiceImpl - task running...
2018-05-31 10:20:12.001 [pool-1-thread-1] INFO  c.j.service.task.impl.CommonTestTaskServiceImpl - 执行common多数据源...
2018-05-31 10:20:12.004 [pool-1-thread-1] INFO  c.j.service.task.impl.CommonTestTaskServiceImpl - false
2018-05-31 10:20:12.004 [pool-1-thread-1] INFO  c.j.service.task.impl.CommonTestTaskServiceImpl - common多数据源配置成功...
2018-05-31 10:20:12.004 [pool-1-thread-1] INFO  c.j.service.task.impl.CommonTestTaskServiceImpl - task successful.
2018-05-31 10:20:15.002 [pool-1-thread-1] INFO  c.j.service.task.impl.CommonTestTaskServiceImpl - task running...
2018-05-31 10:20:15.002 [pool-1-thread-1] INFO  c.j.service.task.impl.CommonTestTaskServiceImpl - 执行common多数据源...
2018-05-31 10:20:15.010 [pool-1-thread-1] INFO  c.j.service.task.impl.CommonTestTaskServiceImpl - false
2018-05-31 10:20:15.010 [pool-1-thread-1] INFO  c.j.service.task.impl.CommonTestTaskServiceImpl - common多数据源配置成功...
2018-05-31 10:20:15.010 [pool-1-thread-1] INFO  c.j.service.task.impl.CommonTestTaskServiceImpl - task successful.
